#
# There is insufficient memory for the Java Runtime Environment to continue.
# Native memory allocation (mmap) failed to map 1048576 bytes. Error detail: G1 virtual space
# Possible reasons:
#   The system is out of physical RAM or swap space
#   This process is running with CompressedOops enabled, and the Java Heap may be blocking the growth of the native heap
# Possible solutions:
#   Reduce memory load on the system
#   Increase physical memory or swap space
#   Check if swap backing store is full
#   Decrease Java heap size (-Xmx/-Xms)
#   Decrease number of Java threads
#   Decrease Java thread stack sizes (-Xss)
#   Set larger code cache with -XX:ReservedCodeCacheSize=
#   JVM is running with Unscaled Compressed Oops mode in which the Java heap is
#     placed in the first 4GB address space. The Java Heap base address is the
#     maximum limit for the native heap growth. Please use -XX:HeapBaseMinAddress
#     to set the Java Heap base and to place the Java Heap above 4GB virtual address.
# This output file may be truncated or incomplete.
#
#  Out of Memory Error (os_windows.cpp:3686), pid=33572, tid=2708
#
# JRE version: OpenJDK Runtime Environment Temurin-21.0.6+7 (21.0.6+7) (build 21.0.6+7-LTS)
# Java VM: OpenJDK 64-Bit Server VM Temurin-21.0.6+7 (21.0.6+7-LTS, mixed mode, emulated-client, sharing, tiered, compressed oops, compressed class ptrs, g1 gc, windows-amd64)
# No core dump will be written. Minidumps are not enabled by default on client versions of Windows
#

---------------  S U M M A R Y ------------

Command Line: -Dcom.sun.management.jmxremote -Dcom.sun.management.jmxremote.port=51214 -Dcom.sun.management.jmxremote.authenticate=false -Dcom.sun.management.jmxremote.ssl=false -Djava.rmi.server.hostname=localhost -Dspring.jmx.enabled=true -Dmanagement.endpoints.jmx.exposure.include=* -Dspring.application.admin.enabled=true -Dspring.output.ansi.enabled=always -XX:TieredStopAtLevel=1 -Dspring.boot.project.name=bk -Dfile.encoding=UTF-8 -Dstdout.encoding=UTF-8 -Dstderr.encoding=UTF-8 -XX:+ShowCodeDetailsInExceptionMessages com.example.demo.BkApplication

Host: 11th Gen Intel(R) Core(TM) i3-1115G4 @ 3.00GHz, 4 cores, 7G,  Windows 11 , 64 bit Build 22621 (10.0.22621.5415)
Time: Thu Sep  4 21:56:32 2025 India Standard Time elapsed time: 10.867278 seconds (0d 0h 0m 10s)

---------------  T H R E A D  ---------------

Current thread (0x00000241de670970):  WorkerThread "GC Thread#3"    [id=2708, stack(0x000000d5c8700000,0x000000d5c8800000) (1024K)]

Stack: [0x000000d5c8700000,0x000000d5c8800000]
Native frames: (J=compiled Java code, j=interpreted, Vv=VM code, C=native code)
V  [jvm.dll+0x6cdee9]
V  [jvm.dll+0x8a83d1]
V  [jvm.dll+0x8aa8fe]
V  [jvm.dll+0x8aafe3]
V  [jvm.dll+0x27f706]
V  [jvm.dll+0x6ca755]
V  [jvm.dll+0x6bea3a]
V  [jvm.dll+0x355d6a]
V  [jvm.dll+0x35d936]
V  [jvm.dll+0x3af28b]
V  [jvm.dll+0x3af924]
V  [jvm.dll+0x3af9ed]
V  [jvm.dll+0x32b52c]
V  [jvm.dll+0x32b285]
V  [jvm.dll+0x31a186]
V  [jvm.dll+0x31af9a]
V  [jvm.dll+0x31b387]
V  [jvm.dll+0x31adfe]
V  [jvm.dll+0x357ba6]
V  [jvm.dll+0x357f7a]
V  [jvm.dll+0x359003]
V  [jvm.dll+0x358c7e]
V  [jvm.dll+0x36cd29]
V  [jvm.dll+0x36d3ea]
V  [jvm.dll+0x36d4d7]
V  [jvm.dll+0x36e36b]
V  [jvm.dll+0x8d62a7]
V  [jvm.dll+0x851f8b]
V  [jvm.dll+0x6cc5ed]
C  [ucrtbase.dll+0x29333]
C  [KERNEL32.DLL+0x1259d]
C  [ntdll.dll+0x5af78]


---------------  P R O C E S S  ---------------

Threads class SMR info:
_java_thread_list=0x00000241e0d02c30, length=27, elements={
0x000002418b6cdba0, 0x0000024198cfa510, 0x0000024198cfb310, 0x0000024198cfc5d0,
0x0000024198cfe760, 0x0000024198d022c0, 0x0000024198d02f30, 0x0000024198d03ba0,
0x00000241de018050, 0x0000024198d39d00, 0x00000241de05ba00, 0x00000241de0ecb90,
0x00000241de6d0a60, 0x00000241de6df7a0, 0x00000241de70c030, 0x00000241de9ffe00,
0x00000241de82b8a0, 0x00000241deacafb0, 0x00000241deaf4680, 0x00000241deb07170,
0x00000241deb23e30, 0x00000241dff0e3a0, 0x00000241dff0bc40, 0x00000241dff0c2d0,
0x00000241dff0c960, 0x00000241dff0cff0, 0x00000241dff0dd10
}

Java Threads: ( => current thread )
  0x000002418b6cdba0 JavaThread "main"                              [_thread_blocked, id=11424, stack(0x000000d5c7200000,0x000000d5c7300000) (1024K)]
  0x0000024198cfa510 JavaThread "Reference Handler"          daemon [_thread_blocked, id=28728, stack(0x000000d5c7a00000,0x000000d5c7b00000) (1024K)]
  0x0000024198cfb310 JavaThread "Finalizer"                  daemon [_thread_blocked, id=17324, stack(0x000000d5c7b00000,0x000000d5c7c00000) (1024K)]
  0x0000024198cfc5d0 JavaThread "Signal Dispatcher"          daemon [_thread_blocked, id=22864, stack(0x000000d5c7c00000,0x000000d5c7d00000) (1024K)]
  0x0000024198cfe760 JavaThread "Attach Listener"            daemon [_thread_blocked, id=31308, stack(0x000000d5c7d00000,0x000000d5c7e00000) (1024K)]
  0x0000024198d022c0 JavaThread "Service Thread"             daemon [_thread_blocked, id=2344, stack(0x000000d5c7e00000,0x000000d5c7f00000) (1024K)]
  0x0000024198d02f30 JavaThread "Monitor Deflation Thread"   daemon [_thread_blocked, id=25932, stack(0x000000d5c7f00000,0x000000d5c8000000) (1024K)]
  0x0000024198d03ba0 JavaThread "C1 CompilerThread0"         daemon [_thread_blocked, id=2992, stack(0x000000d5c8000000,0x000000d5c8100000) (1024K)]
  0x00000241de018050 JavaThread "C1 CompilerThread1"         daemon [_thread_blocked, id=24528, stack(0x000000d5c8100000,0x000000d5c8200000) (1024K)]
  0x0000024198d39d00 JavaThread "C1 CompilerThread2"         daemon [_thread_blocked, id=2844, stack(0x000000d5c8200000,0x000000d5c8300000) (1024K)]
  0x00000241de05ba00 JavaThread "Common-Cleaner"             daemon [_thread_blocked, id=13232, stack(0x000000d5c8300000,0x000000d5c8400000) (1024K)]
  0x00000241de0ecb90 JavaThread "Notification Thread"        daemon [_thread_blocked, id=21568, stack(0x000000d5c8400000,0x000000d5c8500000) (1024K)]
  0x00000241de6d0a60 JavaThread "RMI TCP Accept-0"           daemon [_thread_in_native, id=28648, stack(0x000000d5c8800000,0x000000d5c8900000) (1024K)]
  0x00000241de6df7a0 JavaThread "RMI TCP Accept-51214"       daemon [_thread_in_native, id=24476, stack(0x000000d5c8900000,0x000000d5c8a00000) (1024K)]
  0x00000241de70c030 JavaThread "RMI TCP Accept-0"           daemon [_thread_in_native, id=29616, stack(0x000000d5c8a00000,0x000000d5c8b00000) (1024K)]
  0x00000241de9ffe00 JavaThread "RMI TCP Connection(1)-127.0.0.1" daemon [_thread_in_native, id=27688, stack(0x000000d5c8b00000,0x000000d5c8c00000) (1024K)]
  0x00000241de82b8a0 JavaThread "RMI Scheduler(0)"           daemon [_thread_blocked, id=29060, stack(0x000000d5c8c00000,0x000000d5c8d00000) (1024K)]
  0x00000241deacafb0 JavaThread "RMI TCP Connection(2)-127.0.0.1" daemon [_thread_blocked, id=35100, stack(0x000000d5c8d00000,0x000000d5c8e00000) (1024K)]
  0x00000241deaf4680 JavaThread "JMX server connection timeout 30" daemon [_thread_blocked, id=34236, stack(0x000000d5c8e00000,0x000000d5c8f00000) (1024K)]
  0x00000241deb07170 JavaThread "Thread-0"                          [_thread_blocked, id=35272, stack(0x000000d5c8f00000,0x000000d5c9000000) (1024K)]
  0x00000241deb23e30 JavaThread "restartedMain"                     [_thread_blocked, id=21868, stack(0x000000d5c9000000,0x000000d5c9100000) (1024K)]
  0x00000241dff0e3a0 JavaThread "mysql-cj-abandoned-connection-cleanup" daemon [_thread_blocked, id=11612, stack(0x000000d5c9100000,0x000000d5c9200000) (1024K)]
  0x00000241dff0bc40 JavaThread "HikariPool-1:housekeeper"   daemon [_thread_blocked, id=29664, stack(0x000000d5c9300000,0x000000d5c9400000) (1024K)]
  0x00000241dff0c2d0 JavaThread "HikariPool-1:connection-adder" daemon [_thread_blocked, id=32100, stack(0x000000d5c9400000,0x000000d5c9500000) (1024K)]
  0x00000241dff0c960 JavaThread "Catalina-utility-1"                [_thread_blocked, id=27512, stack(0x000000d5c9500000,0x000000d5c9600000) (1024K)]
  0x00000241dff0cff0 JavaThread "Catalina-utility-2"                [_thread_blocked, id=23148, stack(0x000000d5c9600000,0x000000d5c9700000) (1024K)]
  0x00000241dff0dd10 JavaThread "container-0"                       [_thread_blocked, id=32152, stack(0x000000d5c9700000,0x000000d5c9800000) (1024K)]
Total: 27

Other Threads:
  0x0000024198cdfc90 VMThread "VM Thread"                           [id=33824, stack(0x000000d5c7900000,0x000000d5c7a00000) (1024K)]
  0x0000024198ccf440 WatcherThread "VM Periodic Task Thread"        [id=33416, stack(0x000000d5c7800000,0x000000d5c7900000) (1024K)]
  0x000002418d9b11d0 WorkerThread "GC Thread#0"                     [id=128, stack(0x000000d5c7300000,0x000000d5c7400000) (1024K)]
  0x00000241de65e250 WorkerThread "GC Thread#1"                     [id=29920, stack(0x000000d5c8500000,0x000000d5c8600000) (1024K)]
  0x00000241de6705d0 WorkerThread "GC Thread#2"                     [id=14112, stack(0x000000d5c8600000,0x000000d5c8700000) (1024K)]
=>0x00000241de670970 WorkerThread "GC Thread#3"                     [id=2708, stack(0x000000d5c8700000,0x000000d5c8800000) (1024K)]
  0x000002418d9c1ec0 ConcurrentGCThread "G1 Main Marker"            [id=34396, stack(0x000000d5c7400000,0x000000d5c7500000) (1024K)]
  0x000002418d9c3310 WorkerThread "G1 Conc#0"                       [id=18700, stack(0x000000d5c7500000,0x000000d5c7600000) (1024K)]
  0x000002418da0e8a0 ConcurrentGCThread "G1 Refine#0"               [id=25228, stack(0x000000d5c7600000,0x000000d5c7700000) (1024K)]
  0x0000024198ba16b0 ConcurrentGCThread "G1 Service"                [id=35700, stack(0x000000d5c7700000,0x000000d5c7800000) (1024K)]
Total: 10

Threads with active compile tasks:
Total: 0

VM state: at safepoint (normal execution)

VM Mutex/Monitor currently owned by a thread:  ([mutex/lock_event])
[0x00007ffa0c39be00] FreeList_lock - owner thread: 0x00000241de670970
[0x00007ffa0c39e380] Threads_lock - owner thread: 0x0000024198cdfc90
[0x00007ffa0c39e480] Heap_lock - owner thread: 0x00000241deb23e30

Heap address: 0x0000000085800000, size: 1960 MB, Compressed Oops mode: 32-bit

CDS archive(s) mapped at: [0x0000024199000000-0x0000024199c80000-0x0000024199c80000), size 13107200, SharedBaseAddress: 0x0000024199000000, ArchiveRelocationMode: 1.
Compressed class space mapped at: 0x000002419a000000-0x00000241da000000, reserved size: 1073741824
Narrow klass base: 0x0000024199000000, Narrow klass shift: 0, Narrow klass range: 0x100000000

GC Precious Log:
 CardTable entry size: 512
 Card Set container configuration: InlinePtr #cards 5 size 8 Array Of Cards #cards 12 size 40 Howl #buckets 4 coarsen threshold 1843 Howl Bitmap #cards 512 size 80 coarsen threshold 460 Card regions per heap region 1 cards per card region 2048
 CPUs: 4 total, 4 available
 Memory: 7835M
 Large Page Support: Disabled
 NUMA Support: Disabled
 Compressed Oops: Enabled (32-bit)
 Heap Region Size: 1M
 Heap Min Capacity: 8M
 Heap Initial Capacity: 124M
 Heap Max Capacity: 1960M
 Pre-touch: Disabled
 Parallel Workers: 4
 Concurrent Workers: 1
 Concurrent Refinement Workers: 4
 Periodic GC: Disabled

Heap:
 garbage-first heap   total 66560K, used 58837K [0x0000000085800000, 0x0000000100000000)
  region size 1024K, 25 young (25600K), 3 survivors (3072K)
 Metaspace       used 68768K, committed 69504K, reserved 1114112K
  class space    used 10036K, committed 10368K, reserved 1048576K

Heap Regions: E=young(eden), S=young(survivor), O=old, HS=humongous(starts), HC=humongous(continues), CS=collection set, F=free, TAMS=top-at-mark-start, PB=parsable bottom
|   0|0x0000000085800000, 0x0000000085900000, 0x0000000085900000|100%|HS|  |TAMS 0x0000000085900000| PB 0x0000000085800000| Complete 
|   1|0x0000000085900000, 0x0000000085a00000, 0x0000000085a00000|100%|HS|  |TAMS 0x0000000085a00000| PB 0x0000000085900000| Complete 
|   2|0x0000000085a00000, 0x0000000085b00000, 0x0000000085b00000|100%| O|  |TAMS 0x0000000085b00000| PB 0x0000000085a00000| Untracked 
|   3|0x0000000085b00000, 0x0000000085c00000, 0x0000000085c00000|100%| O|  |TAMS 0x0000000085c00000| PB 0x0000000085b00000| Untracked 
|   4|0x0000000085c00000, 0x0000000085d00000, 0x0000000085d00000|100%| O|  |TAMS 0x0000000085d00000| PB 0x0000000085c00000| Untracked 
|   5|0x0000000085d00000, 0x0000000085e00000, 0x0000000085e00000|100%| O|  |TAMS 0x0000000085e00000| PB 0x0000000085d00000| Untracked 
|   6|0x0000000085e00000, 0x0000000085f00000, 0x0000000085f00000|100%| O|  |TAMS 0x0000000085f00000| PB 0x0000000085e00000| Untracked 
|   7|0x0000000085f00000, 0x0000000086000000, 0x0000000086000000|100%| O|  |TAMS 0x0000000086000000| PB 0x0000000085f00000| Untracked 
|   8|0x0000000086000000, 0x00000000860afb90, 0x0000000086100000| 68%| O|  |TAMS 0x00000000860afb90| PB 0x0000000086000000| Untracked 
|   9|0x0000000086100000, 0x0000000086200000, 0x0000000086200000|100%| O|  |TAMS 0x0000000086200000| PB 0x0000000086100000| Untracked 
|  10|0x0000000086200000, 0x0000000086300000, 0x0000000086300000|100%| O|  |TAMS 0x0000000086300000| PB 0x0000000086200000| Untracked 
|  11|0x0000000086300000, 0x0000000086400000, 0x0000000086400000|100%| O|  |TAMS 0x0000000086400000| PB 0x0000000086300000| Untracked 
|  12|0x0000000086400000, 0x0000000086500000, 0x0000000086500000|100%| O|  |TAMS 0x0000000086500000| PB 0x0000000086400000| Untracked 
|  13|0x0000000086500000, 0x0000000086600000, 0x0000000086600000|100%| O|  |TAMS 0x0000000086600000| PB 0x0000000086500000| Untracked 
|  14|0x0000000086600000, 0x0000000086700000, 0x0000000086700000|100%| O|  |TAMS 0x0000000086700000| PB 0x0000000086600000| Untracked 
|  15|0x0000000086700000, 0x0000000086800000, 0x0000000086800000|100%| O|  |TAMS 0x0000000086800000| PB 0x0000000086700000| Untracked 
|  16|0x0000000086800000, 0x0000000086900000, 0x0000000086900000|100%| O|  |TAMS 0x0000000086900000| PB 0x0000000086800000| Untracked 
|  17|0x0000000086900000, 0x0000000086a00000, 0x0000000086a00000|100%| O|  |TAMS 0x0000000086a00000| PB 0x0000000086900000| Untracked 
|  18|0x0000000086a00000, 0x0000000086b00000, 0x0000000086b00000|100%| O|  |TAMS 0x0000000086b00000| PB 0x0000000086a00000| Untracked 
|  19|0x0000000086b00000, 0x0000000086c00000, 0x0000000086c00000|100%| O|  |TAMS 0x0000000086c00000| PB 0x0000000086b00000| Untracked 
|  20|0x0000000086c00000, 0x0000000086d00000, 0x0000000086d00000|100%| O|  |TAMS 0x0000000086d00000| PB 0x0000000086c00000| Untracked 
|  21|0x0000000086d00000, 0x0000000086e00000, 0x0000000086e00000|100%| O|  |TAMS 0x0000000086e00000| PB 0x0000000086d00000| Untracked 
|  22|0x0000000086e00000, 0x0000000086f00000, 0x0000000086f00000|100%| O|  |TAMS 0x0000000086f00000| PB 0x0000000086e00000| Untracked 
|  23|0x0000000086f00000, 0x0000000087000000, 0x0000000087000000|100%| O|  |TAMS 0x0000000087000000| PB 0x0000000086f00000| Untracked 
|  24|0x0000000087000000, 0x0000000087100000, 0x0000000087100000|100%| O|  |TAMS 0x0000000087100000| PB 0x0000000087000000| Untracked 
|  25|0x0000000087100000, 0x0000000087200000, 0x0000000087200000|100%| O|  |TAMS 0x0000000087100000| PB 0x0000000087100000| Untracked 
|  26|0x0000000087200000, 0x0000000087300000, 0x0000000087300000|100%| O|  |TAMS 0x0000000087300000| PB 0x0000000087200000| Untracked 
|  27|0x0000000087300000, 0x0000000087400000, 0x0000000087400000|100%| O|  |TAMS 0x0000000087400000| PB 0x0000000087300000| Untracked 
|  28|0x0000000087400000, 0x0000000087500000, 0x0000000087500000|100%| O|  |TAMS 0x0000000087500000| PB 0x0000000087400000| Untracked 
|  29|0x0000000087500000, 0x0000000087600000, 0x0000000087600000|100%| O|  |TAMS 0x0000000087600000| PB 0x0000000087500000| Untracked 
|  30|0x0000000087600000, 0x0000000087700000, 0x0000000087700000|100%| O|  |TAMS 0x0000000087700000| PB 0x0000000087600000| Untracked 
|  31|0x0000000087700000, 0x0000000087800000, 0x0000000087800000|100%| O|  |TAMS 0x0000000087800000| PB 0x0000000087700000| Untracked 
|  32|0x0000000087800000, 0x0000000087900000, 0x0000000087900000|100%| O|  |TAMS 0x0000000087900000| PB 0x0000000087800000| Untracked 
|  33|0x0000000087900000, 0x0000000087a00000, 0x0000000087a00000|100%| O|  |TAMS 0x0000000087a00000| PB 0x0000000087900000| Untracked 
|  34|0x0000000087a00000, 0x0000000087b00000, 0x0000000087b00000|100%| O|  |TAMS 0x0000000087b00000| PB 0x0000000087a00000| Untracked 
|  35|0x0000000087b00000, 0x0000000087c00000, 0x0000000087c00000|100%| O|  |TAMS 0x0000000087b84660| PB 0x0000000087b00000| Untracked 
|  36|0x0000000087c00000, 0x0000000087d00000, 0x0000000087d00000|100%| O|  |TAMS 0x0000000087c00000| PB 0x0000000087c00000| Untracked 
|  37|0x0000000087d00000, 0x0000000087e00000, 0x0000000087e00000|100%| O|  |TAMS 0x0000000087d00000| PB 0x0000000087d00000| Untracked 
|  38|0x0000000087e00000, 0x0000000087f00000, 0x0000000087f00000|100%| S|  |TAMS 0x0000000087e00000| PB 0x0000000087e00000| Complete 
|  39|0x0000000087f00000, 0x0000000088000000, 0x0000000088000000|100%| S|  |TAMS 0x0000000087f00000| PB 0x0000000087f00000| Complete 
|  40|0x0000000088000000, 0x0000000088100000, 0x0000000088100000|100%| S|  |TAMS 0x0000000088000000| PB 0x0000000088000000| Complete 
|  41|0x0000000088100000, 0x0000000088141560, 0x0000000088200000| 25%| E|CS|TAMS 0x0000000088100000| PB 0x0000000088100000| Complete 
|  42|0x0000000088200000, 0x0000000088300000, 0x0000000088300000|100%| E|CS|TAMS 0x0000000088200000| PB 0x0000000088200000| Complete 
|  43|0x0000000088300000, 0x0000000088400000, 0x0000000088400000|100%| E|CS|TAMS 0x0000000088300000| PB 0x0000000088300000| Complete 
|  44|0x0000000088400000, 0x0000000088500000, 0x0000000088500000|100%| E|CS|TAMS 0x0000000088400000| PB 0x0000000088400000| Complete 
|  45|0x0000000088500000, 0x0000000088600000, 0x0000000088600000|100%| E|CS|TAMS 0x0000000088500000| PB 0x0000000088500000| Complete 
|  46|0x0000000088600000, 0x0000000088700000, 0x0000000088700000|100%| E|CS|TAMS 0x0000000088600000| PB 0x0000000088600000| Complete 
|  47|0x0000000088700000, 0x0000000088800000, 0x0000000088800000|100%| E|CS|TAMS 0x0000000088700000| PB 0x0000000088700000| Complete 
|  48|0x0000000088800000, 0x0000000088900000, 0x0000000088900000|100%| E|CS|TAMS 0x0000000088800000| PB 0x0000000088800000| Complete 
|  49|0x0000000088900000, 0x0000000088a00000, 0x0000000088a00000|100%| E|CS|TAMS 0x0000000088900000| PB 0x0000000088900000| Complete 
|  50|0x0000000088a00000, 0x0000000088b00000, 0x0000000088b00000|100%| E|CS|TAMS 0x0000000088a00000| PB 0x0000000088a00000| Complete 
|  51|0x0000000088b00000, 0x0000000088c00000, 0x0000000088c00000|100%| E|CS|TAMS 0x0000000088b00000| PB 0x0000000088b00000| Complete 
|  52|0x0000000088c00000, 0x0000000088d00000, 0x0000000088d00000|100%| E|CS|TAMS 0x0000000088c00000| PB 0x0000000088c00000| Complete 
|  53|0x0000000088d00000, 0x0000000088e00000, 0x0000000088e00000|100%| E|CS|TAMS 0x0000000088d00000| PB 0x0000000088d00000| Complete 
|  54|0x0000000088e00000, 0x0000000088f00000, 0x0000000088f00000|100%| E|CS|TAMS 0x0000000088e00000| PB 0x0000000088e00000| Complete 
|  55|0x0000000088f00000, 0x0000000089000000, 0x0000000089000000|100%| E|CS|TAMS 0x0000000088f00000| PB 0x0000000088f00000| Complete 
|  65|0x0000000089900000, 0x0000000089a00000, 0x0000000089a00000|100%| E|CS|TAMS 0x0000000089900000| PB 0x0000000089900000| Complete 
|  66|0x0000000089a00000, 0x0000000089b00000, 0x0000000089b00000|100%| E|CS|TAMS 0x0000000089a00000| PB 0x0000000089a00000| Complete 
|  67|0x0000000089b00000, 0x0000000089c00000, 0x0000000089c00000|100%| E|CS|TAMS 0x0000000089b00000| PB 0x0000000089b00000| Complete 
|  68|0x0000000089c00000, 0x0000000089d00000, 0x0000000089d00000|100%| E|CS|TAMS 0x0000000089c00000| PB 0x0000000089c00000| Complete 
|  69|0x0000000089d00000, 0x0000000089e00000, 0x0000000089e00000|100%| E|CS|TAMS 0x0000000089d00000| PB 0x0000000089d00000| Complete 
|  70|0x0000000089e00000, 0x0000000089f00000, 0x0000000089f00000|100%| E|CS|TAMS 0x0000000089e00000| PB 0x0000000089e00000| Complete 
|  71|0x0000000089f00000, 0x000000008a000000, 0x000000008a000000|100%| E|CS|TAMS 0x0000000089f00000| PB 0x0000000089f00000| Complete 
| 122|0x000000008d200000, 0x000000008d300000, 0x000000008d300000|100%| E|CS|TAMS 0x000000008d200000| PB 0x000000008d200000| Complete 
| 123|0x000000008d300000, 0x000000008d400000, 0x000000008d400000|100%| E|CS|TAMS 0x000000008d300000| PB 0x000000008d300000| Complete 

Card table byte_map: [0x00000241946c0000,0x0000024194aa0000] _byte_map_base: 0x0000024194294000

Marking Bits: (CMBitMap*) 0x000002418d9b18d0
 Bits: [0x0000024194aa0000, 0x0000024196940000)

Polling page: 0x000002418b9d0000

Metaspace:

Usage:
  Non-class:     57.36 MB used.
      Class:      9.80 MB used.
       Both:     67.16 MB used.

Virtual space:
  Non-class space:       64.00 MB reserved,      57.75 MB ( 90%) committed,  1 nodes.
      Class space:        1.00 GB reserved,      10.12 MB ( <1%) committed,  1 nodes.
             Both:        1.06 GB reserved,      67.88 MB (  6%) committed. 

Chunk freelists:
   Non-Class:  5.89 MB
       Class:  5.78 MB
        Both:  11.67 MB

MaxMetaspaceSize: unlimited
CompressedClassSpaceSize: 1.00 GB
Initial GC threshold: 21.00 MB
Current GC threshold: 110.88 MB
CDS: on
 - commit_granule_bytes: 65536.
 - commit_granule_words: 8192.
 - virtual_space_node_default_size: 8388608.
 - enlarge_chunks_in_place: 1.
 - use_allocation_guard: 0.


Internal statistics:

num_allocs_failed_limit: 6.
num_arena_births: 986.
num_arena_deaths: 0.
num_vsnodes_births: 2.
num_vsnodes_deaths: 0.
num_space_committed: 1086.
num_space_uncommitted: 0.
num_chunks_returned_to_freelist: 6.
num_chunks_taken_from_freelist: 3423.
num_chunk_merges: 6.
num_chunk_splits: 2535.
num_chunks_enlarged: 2001.
num_inconsistent_stats: 0.

CodeCache: size=49152Kb used=13701Kb max_used=13701Kb free=35450Kb
 bounds [0x00000241912e0000, 0x0000024192050000, 0x00000241942e0000]
 total_blobs=7902 nmethods=7188 adapters=634
 compilation: enabled
              stopped_count=0, restarted_count=0
 full_count=0

Compilation events (20 events):
Event: 10.814 Thread 0x0000024198d39d00 7262       1       org.antlr.v4.runtime.atn.LexerATNSimulator::getCharPositionInLine (5 bytes)
Event: 10.814 Thread 0x00000241de018050 7263       1       org.antlr.v4.runtime.atn.LexerATNSimulator::getLine (5 bytes)
Event: 10.814 Thread 0x0000024198d03ba0 7264       1       org.antlr.v4.runtime.CodePointCharStream::mark (2 bytes)
Event: 10.815 Thread 0x0000024198d03ba0 nmethod 7264 0x000002419203e310 code [0x000002419203e4a0, 0x000002419203e568]
Event: 10.815 Thread 0x0000024198d39d00 nmethod 7262 0x000002419203e610 code [0x000002419203e7a0, 0x000002419203e868]
Event: 10.815 Thread 0x00000241de018050 nmethod 7263 0x000002419203e910 code [0x000002419203eaa0, 0x000002419203eb68]
Event: 10.815 Thread 0x00000241de018050 7265       1       org.antlr.v4.runtime.atn.LexerATNConfig::<init> (29 bytes)
Event: 10.815 Thread 0x00000241de018050 nmethod 7265 0x000002419203ec10 code [0x000002419203edc0, 0x000002419203f008]
Event: 10.816 Thread 0x00000241de018050 7266       1       org.antlr.v4.runtime.atn.LexerATNSimulator::getReachableConfigSet (210 bytes)
Event: 10.816 Thread 0x00000241de018050 nmethod 7266 0x000002419203f110 code [0x000002419203f360, 0x000002419203fbe0]
Event: 10.826 Thread 0x00000241de018050 7267       1       org.antlr.v4.runtime.atn.LexerATNSimulator::getExistingTargetState (30 bytes)
Event: 10.826 Thread 0x0000024198d03ba0 7268       1       org.antlr.v4.runtime.dfa.DFAState::<init> (31 bytes)
Event: 10.826 Thread 0x00000241de018050 nmethod 7267 0x0000024192040290 code [0x0000024192040440, 0x0000024192040588]
Event: 10.826 Thread 0x0000024198d03ba0 nmethod 7268 0x0000024192040690 code [0x0000024192040840, 0x0000024192040a58]
Event: 10.831 Thread 0x0000024198d03ba0 7269       1       org.antlr.v4.runtime.atn.ATNConfigSet::isEmpty (8 bytes)
Event: 10.831 Thread 0x0000024198d03ba0 nmethod 7269 0x0000024192040b10 code [0x0000024192040ca0, 0x0000024192040d88]
Event: 10.857 Thread 0x0000024198d39d00 7270       1       org.antlr.v4.runtime.atn.LexerATNSimulator::consume (49 bytes)
Event: 10.857 Thread 0x0000024198d03ba0 7271       1       org.antlr.v4.runtime.CodePointCharStream::consume (56 bytes)
Event: 10.857 Thread 0x0000024198d03ba0 nmethod 7271 0x0000024192040e10 code [0x0000024192040fc0, 0x0000024192041130]
Event: 10.857 Thread 0x0000024198d39d00 nmethod 7270 0x0000024192041210 code [0x00000241920413c0, 0x0000024192041590]

GC Heap History (20 events):
Event: 5.748 GC heap after
{Heap after GC invocations=10 (full 0):
 garbage-first heap   total 55296K, used 25362K [0x0000000085800000, 0x0000000100000000)
  region size 1024K, 2 young (2048K), 2 survivors (2048K)
 Metaspace       used 35491K, committed 36096K, reserved 1114112K
  class space    used 4899K, committed 5184K, reserved 1048576K
}
Event: 6.655 GC heap before
{Heap before GC invocations=11 (full 0):
 garbage-first heap   total 55296K, used 46866K [0x0000000085800000, 0x0000000100000000)
  region size 1024K, 23 young (23552K), 2 survivors (2048K)
 Metaspace       used 40879K, committed 41536K, reserved 1114112K
  class space    used 5792K, committed 6080K, reserved 1048576K
}
Event: 6.660 GC heap after
{Heap after GC invocations=12 (full 0):
 garbage-first heap   total 55296K, used 26491K [0x0000000085800000, 0x0000000100000000)
  region size 1024K, 3 young (3072K), 3 survivors (3072K)
 Metaspace       used 40879K, committed 41536K, reserved 1114112K
  class space    used 5792K, committed 6080K, reserved 1048576K
}
Event: 7.456 GC heap before
{Heap before GC invocations=12 (full 0):
 garbage-first heap   total 55296K, used 46971K [0x0000000085800000, 0x0000000100000000)
  region size 1024K, 23 young (23552K), 3 survivors (3072K)
 Metaspace       used 46618K, committed 47232K, reserved 1114112K
  class space    used 6486K, committed 6784K, reserved 1048576K
}
Event: 7.464 GC heap after
{Heap after GC invocations=13 (full 0):
 garbage-first heap   total 55296K, used 28217K [0x0000000085800000, 0x0000000100000000)
  region size 1024K, 3 young (3072K), 3 survivors (3072K)
 Metaspace       used 46618K, committed 47232K, reserved 1114112K
  class space    used 6486K, committed 6784K, reserved 1048576K
}
Event: 7.950 GC heap before
{Heap before GC invocations=13 (full 0):
 garbage-first heap   total 55296K, used 47673K [0x0000000085800000, 0x0000000100000000)
  region size 1024K, 22 young (22528K), 3 survivors (3072K)
 Metaspace       used 50257K, committed 50880K, reserved 1114112K
  class space    used 6951K, committed 7232K, reserved 1048576K
}
Event: 7.968 GC heap after
{Heap after GC invocations=14 (full 0):
 garbage-first heap   total 66560K, used 29916K [0x0000000085800000, 0x0000000100000000)
  region size 1024K, 2 young (2048K), 2 survivors (2048K)
 Metaspace       used 50257K, committed 50880K, reserved 1114112K
  class space    used 6951K, committed 7232K, reserved 1048576K
}
Event: 8.726 GC heap before
{Heap before GC invocations=15 (full 0):
 garbage-first heap   total 66560K, used 56540K [0x0000000085800000, 0x0000000100000000)
  region size 1024K, 29 young (29696K), 2 survivors (2048K)
 Metaspace       used 56887K, committed 57536K, reserved 1114112K
  class space    used 8035K, committed 8320K, reserved 1048576K
}
Event: 8.729 GC heap after
{Heap after GC invocations=16 (full 0):
 garbage-first heap   total 66560K, used 30785K [0x0000000085800000, 0x0000000100000000)
  region size 1024K, 3 young (3072K), 3 survivors (3072K)
 Metaspace       used 56887K, committed 57536K, reserved 1114112K
  class space    used 8035K, committed 8320K, reserved 1048576K
}
Event: 9.168 GC heap before
{Heap before GC invocations=16 (full 0):
 garbage-first heap   total 66560K, used 58433K [0x0000000085800000, 0x0000000100000000)
  region size 1024K, 30 young (30720K), 3 survivors (3072K)
 Metaspace       used 60316K, committed 61056K, reserved 1114112K
  class space    used 8562K, committed 8896K, reserved 1048576K
}
Event: 9.173 GC heap after
{Heap after GC invocations=17 (full 0):
 garbage-first heap   total 66560K, used 31346K [0x0000000085800000, 0x0000000100000000)
  region size 1024K, 2 young (2048K), 2 survivors (2048K)
 Metaspace       used 60316K, committed 61056K, reserved 1114112K
  class space    used 8562K, committed 8896K, reserved 1048576K
}
Event: 10.110 GC heap before
{Heap before GC invocations=17 (full 0):
 garbage-first heap   total 66560K, used 60018K [0x0000000085800000, 0x0000000100000000)
  region size 1024K, 30 young (30720K), 2 survivors (2048K)
 Metaspace       used 64780K, committed 65472K, reserved 1114112K
  class space    used 9159K, committed 9472K, reserved 1048576K
}
Event: 10.115 GC heap after
{Heap after GC invocations=18 (full 0):
 garbage-first heap   total 66560K, used 33553K [0x0000000085800000, 0x0000000100000000)
  region size 1024K, 4 young (4096K), 4 survivors (4096K)
 Metaspace       used 64780K, committed 65472K, reserved 1114112K
  class space    used 9159K, committed 9472K, reserved 1048576K
}
Event: 10.500 GC heap before
{Heap before GC invocations=18 (full 0):
 garbage-first heap   total 66560K, used 57105K [0x0000000085800000, 0x0000000100000000)
  region size 1024K, 27 young (27648K), 4 survivors (4096K)
 Metaspace       used 67338K, committed 68096K, reserved 1114112K
  class space    used 9661K, committed 9984K, reserved 1048576K
}
Event: 10.507 GC heap after
{Heap after GC invocations=19 (full 0):
 garbage-first heap   total 66560K, used 35358K [0x0000000085800000, 0x0000000100000000)
  region size 1024K, 2 young (2048K), 2 survivors (2048K)
 Metaspace       used 67338K, committed 68096K, reserved 1114112K
  class space    used 9661K, committed 9984K, reserved 1048576K
}
Event: 10.593 GC heap before
{Heap before GC invocations=20 (full 0):
 garbage-first heap   total 66560K, used 59934K [0x0000000085800000, 0x0000000100000000)
  region size 1024K, 26 young (26624K), 2 survivors (2048K)
 Metaspace       used 67346K, committed 68096K, reserved 1114112K
  class space    used 9661K, committed 9984K, reserved 1048576K
}
Event: 10.596 GC heap after
{Heap after GC invocations=21 (full 0):
 garbage-first heap   total 66560K, used 36464K [0x0000000085800000, 0x0000000100000000)
  region size 1024K, 3 young (3072K), 3 survivors (3072K)
 Metaspace       used 67346K, committed 68096K, reserved 1114112K
  class space    used 9661K, committed 9984K, reserved 1048576K
}
Event: 10.760 GC heap before
{Heap before GC invocations=21 (full 0):
 garbage-first heap   total 66560K, used 57968K [0x0000000085800000, 0x0000000100000000)
  region size 1024K, 25 young (25600K), 3 survivors (3072K)
 Metaspace       used 68588K, committed 69312K, reserved 1114112K
  class space    used 9991K, committed 10304K, reserved 1048576K
}
Event: 10.764 GC heap after
{Heap after GC invocations=22 (full 0):
 garbage-first heap   total 66560K, used 36309K [0x0000000085800000, 0x0000000100000000)
  region size 1024K, 2 young (2048K), 2 survivors (2048K)
 Metaspace       used 68588K, committed 69312K, reserved 1114112K
  class space    used 9991K, committed 10304K, reserved 1048576K
}
Event: 10.858 GC heap before
{Heap before GC invocations=22 (full 0):
 garbage-first heap   total 66560K, used 58837K [0x0000000085800000, 0x0000000100000000)
  region size 1024K, 24 young (24576K), 2 survivors (2048K)
 Metaspace       used 68768K, committed 69504K, reserved 1114112K
  class space    used 10036K, committed 10368K, reserved 1048576K
}

Dll operation events (11 events):
Event: 0.038 Loaded shared library E:\sts-4.28.1.RELEASE\plugins\org.eclipse.justj.openjdk.hotspot.jre.full.win32.x86_64_21.0.6.v20250130-0529\jre\bin\java.dll
Event: 0.308 Loaded shared library E:\sts-4.28.1.RELEASE\plugins\org.eclipse.justj.openjdk.hotspot.jre.full.win32.x86_64_21.0.6.v20250130-0529\jre\bin\zip.dll
Event: 0.438 Loaded shared library E:\sts-4.28.1.RELEASE\plugins\org.eclipse.justj.openjdk.hotspot.jre.full.win32.x86_64_21.0.6.v20250130-0529\jre\bin\jimage.dll
Event: 0.458 Loaded shared library E:\sts-4.28.1.RELEASE\plugins\org.eclipse.justj.openjdk.hotspot.jre.full.win32.x86_64_21.0.6.v20250130-0529\jre\bin\net.dll
Event: 0.460 Loaded shared library E:\sts-4.28.1.RELEASE\plugins\org.eclipse.justj.openjdk.hotspot.jre.full.win32.x86_64_21.0.6.v20250130-0529\jre\bin\nio.dll
Event: 0.462 Loaded shared library E:\sts-4.28.1.RELEASE\plugins\org.eclipse.justj.openjdk.hotspot.jre.full.win32.x86_64_21.0.6.v20250130-0529\jre\bin\zip.dll
Event: 0.609 Loaded shared library E:\sts-4.28.1.RELEASE\plugins\org.eclipse.justj.openjdk.hotspot.jre.full.win32.x86_64_21.0.6.v20250130-0529\jre\bin\management.dll
Event: 0.637 Loaded shared library E:\sts-4.28.1.RELEASE\plugins\org.eclipse.justj.openjdk.hotspot.jre.full.win32.x86_64_21.0.6.v20250130-0529\jre\bin\management_ext.dll
Event: 1.032 Loaded shared library E:\sts-4.28.1.RELEASE\plugins\org.eclipse.justj.openjdk.hotspot.jre.full.win32.x86_64_21.0.6.v20250130-0529\jre\bin\extnet.dll
Event: 2.975 Loaded shared library E:\sts-4.28.1.RELEASE\plugins\org.eclipse.justj.openjdk.hotspot.jre.full.win32.x86_64_21.0.6.v20250130-0529\jre\bin\sunmscapi.dll
Event: 6.232 Loaded shared library E:\sts-4.28.1.RELEASE\plugins\org.eclipse.justj.openjdk.hotspot.jre.full.win32.x86_64_21.0.6.v20250130-0529\jre\bin\verify.dll

Deoptimization events (4 events):
Event: 8.641 Thread 0x00000241deb23e30 DEOPT PACKING pc=0x0000024191e1a1dc sp=0x000000d5c90f92b0
Event: 8.641 Thread 0x00000241deb23e30 DEOPT UNPACKING pc=0x00000241913388e2 sp=0x000000d5c90f8748 mode 0
Event: 9.139 Thread 0x00000241deb23e30 DEOPT PACKING pc=0x0000024191f4d1a4 sp=0x000000d5c90f9680
Event: 9.139 Thread 0x00000241deb23e30 DEOPT UNPACKING pc=0x00000241913388e2 sp=0x000000d5c90f8bf8 mode 0

Classes loaded (20 events):
Event: 10.051 Loading class java/util/regex/Pattern$Bound
Event: 10.051 Loading class java/util/regex/Pattern$Bound done
Event: 10.051 Loading class java/util/regex/Pattern$SliceI
Event: 10.051 Loading class java/util/regex/Pattern$SliceI done
Event: 10.051 Loading class java/util/regex/Pattern$LookBehindEndNode
Event: 10.051 Loading class java/util/regex/Pattern$LookBehindEndNode done
Event: 10.051 Loading class java/util/regex/Pattern$NotBehind
Event: 10.051 Loading class java/util/regex/Pattern$NotBehind done
Event: 10.052 Loading class java/util/regex/Pattern$Behind
Event: 10.052 Loading class java/util/regex/Pattern$Behind done
Event: 10.124 Loading class java/util/stream/SortedOps$SizedRefSortingSink
Event: 10.124 Loading class java/util/stream/SortedOps$SizedRefSortingSink done
Event: 10.135 Loading class javax/net/ssl/SSLException
Event: 10.135 Loading class javax/net/ssl/SSLException done
Event: 10.148 Loading class java/nio/channels/CompletionHandler
Event: 10.148 Loading class java/nio/channels/CompletionHandler done
Event: 10.244 Loading class java/util/EmptyStackException
Event: 10.244 Loading class java/util/EmptyStackException done
Event: 10.394 Loading class java/io/InvalidClassException
Event: 10.394 Loading class java/io/InvalidClassException done

Classes unloaded (0 events):
No events

Classes redefined (0 events):
No events

Internal exceptions (20 events):
Event: 8.994 Thread 0x00000241deb23e30 Exception <a 'java/lang/NoSuchMethodError'{0x0000000088547318}: 'java.lang.Object java.lang.invoke.DirectMethodHandle$Holder.newInvokeSpecial(java.lang.Object, java.lang.Object, int)'> (0x0000000088547318) 
thrown [s\src\hotspot\share\interpreter\linkResolver.cpp, line 773]
Event: 9.028 Thread 0x00000241deb23e30 Exception <a 'java/lang/NoSuchMethodError'{0x000000008849e930}: 'int java.lang.invoke.DirectMethodHandle$Holder.invokeStatic(java.lang.Object, int, java.lang.Object)'> (0x000000008849e930) 
thrown [s\src\hotspot\share\interpreter\linkResolver.cpp, line 773]
Event: 9.030 Thread 0x00000241deb23e30 Exception <a 'java/lang/NoSuchMethodError'{0x00000000884bd480}: 'java.lang.Object java.lang.invoke.DirectMethodHandle$Holder.newInvokeSpecial(java.lang.Object, java.lang.Object, java.lang.Object, java.lang.Object, java.lang.Object, int, java.lang.Object)'> (0x00000000884bd480) 
thrown [s\src\hotspot\share\interpreter\linkResolver.cpp, line 773]
Event: 9.033 Thread 0x00000241deb23e30 Exception <a 'java/lang/NoSuchMethodError'{0x00000000884f0498}: 'java.lang.Object java.lang.invoke.Invokers$Holder.linkToTargetMethod(java.lang.Object, java.lang.Object, java.lang.Object, java.lang.Object, java.lang.Object, java.lang.Object, java.lang.Object, java.lang.Object, java.lang.Object, java.lang.Object, java.lang.Object, java.lang.Object)'> (0x00000000884f0498) 
thrown [s\src\hotspot\share\interpreter\linkResolver.cpp, line 773]
Event: 9.059 Thread 0x00000241deb23e30 Exception <a 'java/lang/IncompatibleClassChangeError'{0x00000000883bc610}: Found class java.lang.Object, but interface was expected> (0x00000000883bc610) 
thrown [s\src\hotspot\share\interpreter\linkResolver.cpp, line 840]
Event: 9.078 Thread 0x00000241deb23e30 Exception <a 'java/lang/IncompatibleClassChangeError'{0x000000008829d1c8}: Found class java.lang.Object, but interface was expected> (0x000000008829d1c8) 
thrown [s\src\hotspot\share\interpreter\linkResolver.cpp, line 840]
Event: 9.088 Thread 0x00000241deb23e30 Exception <a 'java/lang/NoSuchMethodError'{0x000000008813a900}: 'java.lang.Object java.lang.invoke.DirectMethodHandle$Holder.newInvokeSpecial(java.lang.Object, java.lang.Object, int, java.lang.Object, int, java.lang.Object, java.lang.Object)'> (0x000000008813a900) 
thrown [s\src\hotspot\share\interpreter\linkResolver.cpp, line 773]
Event: 9.105 Thread 0x00000241deb23e30 Exception <a 'java/lang/NoSuchMethodError'{0x00000000881f2b50}: 'java.lang.Object java.lang.invoke.DirectMethodHandle$Holder.newInvokeSpecial(java.lang.Object, java.lang.Object, java.lang.Object, java.lang.Object, java.lang.Object, java.lang.Object, java.lang.Object, int)'> (0x00000000881f2b50) 
thrown [s\src\hotspot\share\interpreter\linkResolver.cpp, line 773]
Event: 9.105 Thread 0x00000241deb23e30 Exception <a 'java/lang/NoSuchMethodError'{0x00000000881f79b0}: 'java.lang.Object java.lang.invoke.DirectMethodHandle$Holder.invokeSpecial(java.lang.Object, java.lang.Object, java.lang.Object, java.lang.Object, java.lang.Object, java.lang.Object, java.lang.Object, java.lang.Object, int)'> (0x00000000881f79b0) 
thrown [s\src\hotspot\share\interpreter\linkResolver.cpp, line 773]
Event: 9.105 Thread 0x00000241deb23e30 Exception <a 'java/lang/NoSuchMethodError'{0x00000000881fc1f8}: 'java.lang.Object java.lang.invoke.Invokers$Holder.linkToTargetMethod(java.lang.Object, java.lang.Object, java.lang.Object, java.lang.Object, java.lang.Object, java.lang.Object, int, java.lang.Object)'> (0x00000000881fc1f8) 
thrown [s\src\hotspot\share\interpreter\linkResolver.cpp, line 773]
Event: 9.582 Thread 0x00000241deb23e30 Exception <a 'java/lang/NoSuchMethodError'{0x0000000089ed3e88}: 'java.lang.Object java.lang.invoke.DirectMethodHandle$Holder.invokeSpecial(java.lang.Object, java.lang.Object, int, java.lang.Object, int)'> (0x0000000089ed3e88) 
thrown [s\src\hotspot\share\interpreter\linkResolver.cpp, line 773]
Event: 9.693 Thread 0x00000241deb23e30 Exception <a 'java/lang/IncompatibleClassChangeError'{0x0000000088f933d8}: Found class java.lang.Object, but interface was expected> (0x0000000088f933d8) 
thrown [s\src\hotspot\share\interpreter\linkResolver.cpp, line 840]
Event: 9.736 Thread 0x00000241deb23e30 Exception <a 'java/lang/IncompatibleClassChangeError'{0x0000000088db1130}: Found class java.lang.Object, but interface was expected> (0x0000000088db1130) 
thrown [s\src\hotspot\share\interpreter\linkResolver.cpp, line 840]
Event: 9.865 Thread 0x00000241deb23e30 Exception <a 'java/lang/IncompatibleClassChangeError'{0x0000000088639d50}: Found class java.lang.Object, but interface was expected> (0x0000000088639d50) 
thrown [s\src\hotspot\share\interpreter\linkResolver.cpp, line 840]
Event: 10.022 Thread 0x00000241deb23e30 Exception <a 'java/lang/IncompatibleClassChangeError'{0x0000000088149b98}: Found class java.lang.Object, but interface was expected> (0x0000000088149b98) 
thrown [s\src\hotspot\share\interpreter\linkResolver.cpp, line 840]
Event: 10.022 Thread 0x00000241deb23e30 Exception <a 'java/lang/IncompatibleClassChangeError'{0x000000008814f7d0}: Found class java.lang.Object, but interface was expected> (0x000000008814f7d0) 
thrown [s\src\hotspot\share\interpreter\linkResolver.cpp, line 840]
Event: 10.149 Thread 0x00000241deb23e30 Exception <a 'java/lang/NoSuchMethodError'{0x000000008d28c508}: 'long java.lang.invoke.DirectMethodHandle$Holder.invokeVirtual(java.lang.Object, java.lang.Object)'> (0x000000008d28c508) 
thrown [s\src\hotspot\share\interpreter\linkResolver.cpp, line 773]
Event: 10.153 Thread 0x00000241deb23e30 Exception <a 'java/io/FileNotFoundException'{0x000000008d2b7d88}> (0x000000008d2b7d88) 
thrown [s\src\hotspot\share\prims\jni.cpp, line 520]
Event: 10.178 Thread 0x00000241deb23e30 Exception <a 'java/lang/NoSuchMethodError'{0x0000000089ff3a40}: 'void java.lang.invoke.DirectMethodHandle$Holder.invokeVirtual(java.lang.Object, java.lang.Object, long)'> (0x0000000089ff3a40) 
thrown [s\src\hotspot\share\interpreter\linkResolver.cpp, line 773]
Event: 10.191 Thread 0x00000241deb23e30 Exception <a 'java/lang/NoSuchMethodError'{0x0000000089d1b8d0}: 'void java.lang.invoke.Invokers$Holder.invokeExact_MT(java.lang.Object, java.lang.Object, java.lang.Object, java.lang.Object)'> (0x0000000089d1b8d0) 
thrown [s\src\hotspot\share\interpreter\linkResolver.cpp, line 773]

ZGC Phase Switch (0 events):
No events

VM Operations (20 events):
Event: 10.115 Executing VM operation: G1CollectForAllocation (G1 Evacuation Pause) done
Event: 10.120 Executing VM operation: HandshakeAllThreads (Deoptimize)
Event: 10.120 Executing VM operation: HandshakeAllThreads (Deoptimize) done
Event: 10.156 Executing VM operation: HandshakeAllThreads (Deoptimize)
Event: 10.156 Executing VM operation: HandshakeAllThreads (Deoptimize) done
Event: 10.410 Executing VM operation: HandshakeAllThreads (Deoptimize)
Event: 10.410 Executing VM operation: HandshakeAllThreads (Deoptimize) done
Event: 10.500 Executing VM operation: G1CollectForAllocation (G1 Evacuation Pause)
Event: 10.507 Executing VM operation: G1CollectForAllocation (G1 Evacuation Pause) done
Event: 10.513 Executing VM operation: HandshakeAllThreads (Deoptimize)
Event: 10.513 Executing VM operation: HandshakeAllThreads (Deoptimize) done
Event: 10.555 Executing VM operation: G1PauseRemark
Event: 10.559 Executing VM operation: G1PauseRemark done
Event: 10.582 Executing VM operation: G1PauseCleanup
Event: 10.582 Executing VM operation: G1PauseCleanup done
Event: 10.593 Executing VM operation: G1CollectForAllocation (G1 Evacuation Pause)
Event: 10.596 Executing VM operation: G1CollectForAllocation (G1 Evacuation Pause) done
Event: 10.760 Executing VM operation: G1CollectForAllocation (G1 Evacuation Pause)
Event: 10.764 Executing VM operation: G1CollectForAllocation (G1 Evacuation Pause) done
Event: 10.858 Executing VM operation: G1CollectForAllocation (G1 Evacuation Pause)

Memory protections (0 events):
No events

Nmethod flushes (20 events):
Event: 8.012 Thread 0x0000024198cdfc90 flushing  nmethod 0x00000241919f7a90
Event: 8.012 Thread 0x0000024198cdfc90 flushing  nmethod 0x0000024191ab2f10
Event: 8.012 Thread 0x0000024198cdfc90 flushing  nmethod 0x000002419151f190
Event: 8.012 Thread 0x0000024198cdfc90 flushing  nmethod 0x000002419193f590
Event: 8.012 Thread 0x0000024198cdfc90 flushing  nmethod 0x0000024191984d10
Event: 8.012 Thread 0x0000024198cdfc90 flushing  nmethod 0x0000024191c54190
Event: 10.558 Thread 0x0000024198cdfc90 flushing  nmethod 0x0000024191bd7d10
Event: 10.558 Thread 0x0000024198cdfc90 flushing  nmethod 0x0000024191cadc10
Event: 10.558 Thread 0x0000024198cdfc90 flushing  nmethod 0x0000024191cae590
Event: 10.558 Thread 0x0000024198cdfc90 flushing  nmethod 0x0000024191d45d10
Event: 10.558 Thread 0x0000024198cdfc90 flushing  nmethod 0x0000024191d4b890
Event: 10.558 Thread 0x0000024198cdfc90 flushing  nmethod 0x0000024191c47290
Event: 10.558 Thread 0x0000024198cdfc90 flushing  nmethod 0x0000024191c47610
Event: 10.558 Thread 0x0000024198cdfc90 flushing  nmethod 0x0000024191ce9d90
Event: 10.558 Thread 0x0000024198cdfc90 flushing  nmethod 0x0000024191d17310
Event: 10.558 Thread 0x0000024198cdfc90 flushing  nmethod 0x0000024191d88490
Event: 10.558 Thread 0x0000024198cdfc90 flushing  nmethod 0x0000024191d8c110
Event: 10.558 Thread 0x0000024198cdfc90 flushing  nmethod 0x000002419165d790
Event: 10.558 Thread 0x0000024198cdfc90 flushing  nmethod 0x00000241917d6390
Event: 10.558 Thread 0x0000024198cdfc90 flushing  nmethod 0x0000024191d74290

Events (20 events):
Event: 0.433 Thread 0x000002418b6cdba0 Thread added: 0x00000241de0ecb90
Event: 1.035 Thread 0x000002418b6cdba0 Thread added: 0x00000241de6d0a60
Event: 1.049 Thread 0x000002418b6cdba0 Thread added: 0x00000241de6df7a0
Event: 1.071 Thread 0x000002418b6cdba0 Thread added: 0x00000241de70c030
Event: 1.341 Thread 0x00000241de6df7a0 Thread added: 0x00000241de9ffe00
Event: 1.361 Thread 0x00000241de9ffe00 Thread added: 0x00000241de82b8a0
Event: 1.407 Thread 0x00000241de6d0a60 Thread added: 0x00000241deacafb0
Event: 1.430 Thread 0x00000241deacafb0 Thread added: 0x00000241deaf4680
Event: 1.501 Thread 0x000002418b6cdba0 Thread added: 0x00000241deb07170
Event: 1.503 Thread 0x00000241deb07170 Thread added: 0x00000241deb23e30
Event: 1.955 Thread 0x00000241deb23e30 Thread added: 0x00000241df034370
Event: 2.858 Thread 0x00000241deb23e30 Thread added: 0x00000241df032930
Event: 2.982 Thread 0x00000241df032930 Thread exited: 0x00000241df032930
Event: 2.989 Thread 0x00000241df034370 Thread exited: 0x00000241df034370
Event: 5.421 Thread 0x00000241deb23e30 Thread added: 0x00000241dff0e3a0
Event: 7.080 Thread 0x00000241deb23e30 Thread added: 0x00000241dff0bc40
Event: 7.187 Thread 0x00000241dff0bc40 Thread added: 0x00000241dff0c2d0
Event: 10.161 Thread 0x00000241deb23e30 Thread added: 0x00000241dff0c960
Event: 10.162 Thread 0x00000241dff0c960 Thread added: 0x00000241dff0cff0
Event: 10.166 Thread 0x00000241deb23e30 Thread added: 0x00000241dff0dd10


Dynamic libraries:
0x00007ff7a2720000 - 0x00007ff7a272e000 	E:\sts-4.28.1.RELEASE\plugins\org.eclipse.justj.openjdk.hotspot.jre.full.win32.x86_64_21.0.6.v20250130-0529\jre\bin\javaw.exe
0x00007ffa768f0000 - 0x00007ffa76b07000 	C:\windows\SYSTEM32\ntdll.dll
0x00007ffa765a0000 - 0x00007ffa76664000 	C:\windows\System32\KERNEL32.DLL
0x00007ffa74060000 - 0x00007ffa74432000 	C:\windows\System32\KERNELBASE.dll
0x00007ffa73e40000 - 0x00007ffa73f51000 	C:\windows\System32\ucrtbase.dll
0x00007ffa3d240000 - 0x00007ffa3d25e000 	E:\sts-4.28.1.RELEASE\plugins\org.eclipse.justj.openjdk.hotspot.jre.full.win32.x86_64_21.0.6.v20250130-0529\jre\bin\VCRUNTIME140.dll
0x00007ffa4f1c0000 - 0x00007ffa4f1d8000 	E:\sts-4.28.1.RELEASE\plugins\org.eclipse.justj.openjdk.hotspot.jre.full.win32.x86_64_21.0.6.v20250130-0529\jre\bin\jli.dll
0x00007ffa76040000 - 0x00007ffa761f1000 	C:\windows\System32\USER32.dll
0x00007ffa56b20000 - 0x00007ffa56dbb000 	C:\windows\WinSxS\amd64_microsoft.windows.common-controls_6595b64144ccf1df_6.0.22621.5547_none_27104afb73855772\COMCTL32.dll
0x00007ffa73de0000 - 0x00007ffa73e06000 	C:\windows\System32\win32u.dll
0x00007ffa74bb0000 - 0x00007ffa74c57000 	C:\windows\System32\msvcrt.dll
0x00007ffa76770000 - 0x00007ffa76799000 	C:\windows\System32\GDI32.dll
0x00007ffa73cb0000 - 0x00007ffa73dd3000 	C:\windows\System32\gdi32full.dll
0x00007ffa73b50000 - 0x00007ffa73bea000 	C:\windows\System32\msvcp_win.dll
0x00007ffa74ff0000 - 0x00007ffa75021000 	C:\windows\System32\IMM32.DLL
0x00007ffa3e810000 - 0x00007ffa3e81c000 	E:\sts-4.28.1.RELEASE\plugins\org.eclipse.justj.openjdk.hotspot.jre.full.win32.x86_64_21.0.6.v20250130-0529\jre\bin\vcruntime140_1.dll
0x00007ffa1e440000 - 0x00007ffa1e4cd000 	E:\sts-4.28.1.RELEASE\plugins\org.eclipse.justj.openjdk.hotspot.jre.full.win32.x86_64_21.0.6.v20250130-0529\jre\bin\msvcp140.dll
0x00007ffa0b6f0000 - 0x00007ffa0c480000 	E:\sts-4.28.1.RELEASE\plugins\org.eclipse.justj.openjdk.hotspot.jre.full.win32.x86_64_21.0.6.v20250130-0529\jre\bin\server\jvm.dll
0x00007ffa756d0000 - 0x00007ffa75781000 	C:\windows\System32\ADVAPI32.dll
0x00007ffa74d10000 - 0x00007ffa74db8000 	C:\windows\System32\sechost.dll
0x00007ffa73e10000 - 0x00007ffa73e38000 	C:\windows\System32\bcrypt.dll
0x00007ffa75110000 - 0x00007ffa75224000 	C:\windows\System32\RPCRT4.dll
0x00007ffa74760000 - 0x00007ffa747d1000 	C:\windows\System32\WS2_32.dll
0x00007ffa73800000 - 0x00007ffa7384d000 	C:\windows\SYSTEM32\POWRPROF.dll
0x00007ffa67960000 - 0x00007ffa67994000 	C:\windows\SYSTEM32\WINMM.dll
0x00007ffa6f440000 - 0x00007ffa6f44a000 	C:\windows\SYSTEM32\VERSION.dll
0x00007ffa737e0000 - 0x00007ffa737f3000 	C:\windows\SYSTEM32\UMPDC.dll
0x00007ffa729d0000 - 0x00007ffa729e8000 	C:\windows\SYSTEM32\kernel.appcore.dll
0x00007ffa51000000 - 0x00007ffa5100a000 	E:\sts-4.28.1.RELEASE\plugins\org.eclipse.justj.openjdk.hotspot.jre.full.win32.x86_64_21.0.6.v20250130-0529\jre\bin\jimage.dll
0x00007ffa71070000 - 0x00007ffa712a3000 	C:\windows\SYSTEM32\DBGHELP.DLL
0x00007ffa76200000 - 0x00007ffa76593000 	C:\windows\System32\combase.dll
0x00007ffa75030000 - 0x00007ffa75107000 	C:\windows\System32\OLEAUT32.dll
0x00007ffa4d0d0000 - 0x00007ffa4d102000 	C:\windows\SYSTEM32\dbgcore.DLL
0x00007ffa73fe0000 - 0x00007ffa7405b000 	C:\windows\System32\bcryptPrimitives.dll
0x00007ffa45420000 - 0x00007ffa4543f000 	E:\sts-4.28.1.RELEASE\plugins\org.eclipse.justj.openjdk.hotspot.jre.full.win32.x86_64_21.0.6.v20250130-0529\jre\bin\java.dll
0x00007ffa75790000 - 0x00007ffa76032000 	C:\windows\System32\SHELL32.dll
0x00007ffa74440000 - 0x00007ffa7457f000 	C:\windows\System32\wintypes.dll
0x00007ffa718c0000 - 0x00007ffa721dd000 	C:\windows\SYSTEM32\windows.storage.dll
0x00007ffa74a80000 - 0x00007ffa74b8c000 	C:\windows\System32\SHCORE.dll
0x00007ffa76670000 - 0x00007ffa766d9000 	C:\windows\System32\shlwapi.dll
0x00007ffa73910000 - 0x00007ffa7393b000 	C:\windows\SYSTEM32\profapi.dll
0x00007ffa3df30000 - 0x00007ffa3df48000 	E:\sts-4.28.1.RELEASE\plugins\org.eclipse.justj.openjdk.hotspot.jre.full.win32.x86_64_21.0.6.v20250130-0529\jre\bin\zip.dll
0x00007ffa4f6d0000 - 0x00007ffa4f6e0000 	E:\sts-4.28.1.RELEASE\plugins\org.eclipse.justj.openjdk.hotspot.jre.full.win32.x86_64_21.0.6.v20250130-0529\jre\bin\net.dll
0x00007ffa6d6a0000 - 0x00007ffa6d7cc000 	C:\windows\SYSTEM32\WINHTTP.dll
0x00007ffa72e50000 - 0x00007ffa72eb9000 	C:\windows\system32\mswsock.dll
0x00007ffa56750000 - 0x00007ffa56766000 	E:\sts-4.28.1.RELEASE\plugins\org.eclipse.justj.openjdk.hotspot.jre.full.win32.x86_64_21.0.6.v20250130-0529\jre\bin\nio.dll
0x00007ffa3e520000 - 0x00007ffa3e52a000 	E:\sts-4.28.1.RELEASE\plugins\org.eclipse.justj.openjdk.hotspot.jre.full.win32.x86_64_21.0.6.v20250130-0529\jre\bin\management.dll
0x00007ffa3e0b0000 - 0x00007ffa3e0bb000 	E:\sts-4.28.1.RELEASE\plugins\org.eclipse.justj.openjdk.hotspot.jre.full.win32.x86_64_21.0.6.v20250130-0529\jre\bin\management_ext.dll
0x00007ffa74ba0000 - 0x00007ffa74ba8000 	C:\windows\System32\PSAPI.DLL
0x00007ffa4a860000 - 0x00007ffa4a877000 	C:\windows\system32\napinsp.dll
0x00007ffa4a840000 - 0x00007ffa4a85b000 	C:\windows\system32\pnrpnsp.dll
0x00007ffa724b0000 - 0x00007ffa725a8000 	C:\windows\SYSTEM32\DNSAPI.dll
0x00007ffa72480000 - 0x00007ffa724ad000 	C:\windows\SYSTEM32\IPHLPAPI.DLL
0x00007ffa74b90000 - 0x00007ffa74b99000 	C:\windows\System32\NSI.dll
0x00007ffa4d0b0000 - 0x00007ffa4d0c1000 	C:\windows\System32\winrnr.dll
0x00007ffa676a0000 - 0x00007ffa676bf000 	C:\windows\system32\wshbth.dll
0x00007ffa4a810000 - 0x00007ffa4a831000 	C:\windows\system32\nlansp_c.dll
0x00007ffa67360000 - 0x00007ffa6736a000 	C:\Windows\System32\rasadhlp.dll
0x00007ffa64d70000 - 0x00007ffa64df4000 	C:\windows\System32\fwpuclnt.dll
0x00007ffa73070000 - 0x00007ffa7308b000 	C:\windows\SYSTEM32\CRYPTSP.dll
0x00007ffa72930000 - 0x00007ffa72967000 	C:\windows\system32\rsaenh.dll
0x00007ffa72f10000 - 0x00007ffa72f38000 	C:\windows\SYSTEM32\USERENV.dll
0x00007ffa73090000 - 0x00007ffa7309c000 	C:\windows\SYSTEM32\CRYPTBASE.dll
0x00007ffa4ae60000 - 0x00007ffa4ae69000 	E:\sts-4.28.1.RELEASE\plugins\org.eclipse.justj.openjdk.hotspot.jre.full.win32.x86_64_21.0.6.v20250130-0529\jre\bin\extnet.dll
0x00007ffa4d0a0000 - 0x00007ffa4d0ae000 	E:\sts-4.28.1.RELEASE\plugins\org.eclipse.justj.openjdk.hotspot.jre.full.win32.x86_64_21.0.6.v20250130-0529\jre\bin\sunmscapi.dll
0x00007ffa739e0000 - 0x00007ffa73b47000 	C:\windows\System32\CRYPT32.dll
0x00007ffa732a0000 - 0x00007ffa732cd000 	C:\windows\SYSTEM32\ncrypt.dll
0x00007ffa73260000 - 0x00007ffa73297000 	C:\windows\SYSTEM32\NTASN1.dll
0x00007ffa6d010000 - 0x00007ffa6d020000 	E:\sts-4.28.1.RELEASE\plugins\org.eclipse.justj.openjdk.hotspot.jre.full.win32.x86_64_21.0.6.v20250130-0529\jre\bin\verify.dll

dbghelp: loaded successfully - version: 4.0.5 - missing functions: none
symbol engine: initialized successfully - sym options: 0x614 - pdb path: .;E:\sts-4.28.1.RELEASE\plugins\org.eclipse.justj.openjdk.hotspot.jre.full.win32.x86_64_21.0.6.v20250130-0529\jre\bin;C:\windows\SYSTEM32;C:\windows\WinSxS\amd64_microsoft.windows.common-controls_6595b64144ccf1df_6.0.22621.5547_none_27104afb73855772;E:\sts-4.28.1.RELEASE\plugins\org.eclipse.justj.openjdk.hotspot.jre.full.win32.x86_64_21.0.6.v20250130-0529\jre\bin\server

VM Arguments:
jvm_args: -Dcom.sun.management.jmxremote -Dcom.sun.management.jmxremote.port=51214 -Dcom.sun.management.jmxremote.authenticate=false -Dcom.sun.management.jmxremote.ssl=false -Djava.rmi.server.hostname=localhost -Dspring.jmx.enabled=true -Dmanagement.endpoints.jmx.exposure.include=* -Dspring.application.admin.enabled=true -Dspring.output.ansi.enabled=always -XX:TieredStopAtLevel=1 -Dspring.boot.project.name=bk -Dfile.encoding=UTF-8 -Dstdout.encoding=UTF-8 -Dstderr.encoding=UTF-8 -XX:+ShowCodeDetailsInExceptionMessages 
java_command: com.example.demo.BkApplication
java_class_path (initial): C:\Users\ramya\OneDrive\Desktop\updated backend\bk\target\classes;C:\Users\ramya\.m2\repository\org\springframework\boot\spring-boot-starter-data-jpa\3.5.4\spring-boot-starter-data-jpa-3.5.4.jar;C:\Users\ramya\.m2\repository\org\springframework\boot\spring-boot-starter\3.5.4\spring-boot-starter-3.5.4.jar;C:\Users\ramya\.m2\repository\org\springframework\boot\spring-boot-starter-logging\3.5.4\spring-boot-starter-logging-3.5.4.jar;C:\Users\ramya\.m2\repository\ch\qos\logback\logback-classic\1.5.18\logback-classic-1.5.18.jar;C:\Users\ramya\.m2\repository\ch\qos\logback\logback-core\1.5.18\logback-core-1.5.18.jar;C:\Users\ramya\.m2\repository\org\apache\logging\log4j\log4j-to-slf4j\2.24.3\log4j-to-slf4j-2.24.3.jar;C:\Users\ramya\.m2\repository\org\slf4j\jul-to-slf4j\2.0.17\jul-to-slf4j-2.0.17.jar;C:\Users\ramya\.m2\repository\jakarta\annotation\jakarta.annotation-api\2.1.1\jakarta.annotation-api-2.1.1.jar;C:\Users\ramya\.m2\repository\org\yaml\snakeyaml\2.4\snakeyaml-2.4.jar;C:\Users\ramya\.m2\repository\org\springframework\boot\spring-boot-starter-jdbc\3.5.4\spring-boot-starter-jdbc-3.5.4.jar;C:\Users\ramya\.m2\repository\com\zaxxer\HikariCP\6.3.1\HikariCP-6.3.1.jar;C:\Users\ramya\.m2\repository\org\springframework\spring-jdbc\6.2.9\spring-jdbc-6.2.9.jar;C:\Users\ramya\.m2\repository\org\hibernate\orm\hibernate-core\6.6.22.Final\hibernate-core-6.6.22.Final.jar;C:\Users\ramya\.m2\repository\jakarta\persistence\jakarta.persistence-api\3.1.0\jakarta.persistence-api-3.1.0.jar;C:\Users\ramya\.m2\repository\jakarta\transaction\jakarta.transaction-api\2.0.1\jakarta.transaction-api-2.0.1.jar;C:\Users\ramya\.m2\repository\org\jboss\logging\jboss-logging\3.6.1.Final\jboss-logging-3.6.1.Final.jar;C:\Users\ramya\.m2\repository\org\hibernate\common\hibernate-commons-annotations\7.0.3.Final\hibernate-commons-annotations-7.0.3.Final.jar;C:\Users\ramya\.m2\repository\io\smallrye\jandex\3.2.0\jandex-3.2.0.jar;C:\Users\ramya\.m2\repository\com\fasterxml\classmate\1.7.0\classmate-1.7.0.jar;C:\Users\ramya\.m2\repository\net\bytebuddy\byte-buddy\1.17.6\byte-buddy-1.17.6.jar;C:\Users\ramya\.m2\repository\org\glassfish\jaxb\jaxb-runtime\4.0.5\jaxb-runtime-4.0.5.jar;C:\Users\ramya\.m2\repository\org\glassfish\jaxb\jaxb-core\4.0.5\jaxb-core-4.0.5.jar;C:\Users\ramya\.m2\repository\org\glassfish\jaxb\txw2\4.0.5\txw2-4.0.5.jar;C:\Users\ramya\.m2\repository\com\sun\istack\istack-commons-runtime\4.1.2\istack-commons-runtime-4.1.2.jar;C:\Users\ramya\.m2\repository\jakarta\inject\jakarta.inject-api\2.0.1\jakarta.inject-api-2.0.1.jar;C:\Users\ramya\.m2\repository\org\antlr\antlr4-runtime\4.13.0\antlr4-runtime-4.13.0.jar;C:\Users\ramya\.m2\repository\org\springframework\data\spring-data-jpa\3.5.2\spring-data-jpa-3.5.2.jar;C:\Users\ramya\.m2\repository\org\springframework\data\spring-data-commons\3.5.2\spring-data-commons-3.5.2.jar;C:\Users\ramya\.m2\repository\org\springframework\spring-orm\6.2.9\spring-orm-6.2.9.jar;C:\Users\ramya\.m2\repository\org\springframework\spring-context\6.2.9\spring-context-6.2.9.jar;C:\Users\ramya\.m2\repository\org\springframework\spring-tx\6.2.9\spring-tx-6.2.9.jar;C:\Users\ramya\.m2\repository\org\springframework\spring-beans\6.2.9\spring-beans-6.2.9.jar;C:\Users\ramya\.m2\repository\org\slf4j\slf4j-api\2.0.17\slf4j-api-2.0.17.jar;C:\Users\ramya\.m2\repository\org\springframework\spring-aspects\6.2.9\spring-aspects-6.2.9.jar;C:\Users\ramya\.m2\repository\org\aspectj\aspectjweaver\1.9.24\aspectjweaver-1.9.24.jar;C:\Users\ramya\.m2\repository\org\springframework\boot\spring-boot-starter-web\3.5.4\spring-boot-starter-web-3.5.4.jar;C:\Users\ramya\.m2\repository\org\springframework\boot\spring-boot-starter-json\3.5.4\spring-boot-starter-json-3.5.4.jar;C:\Users\ramya\.m2\repository\com\fasterxml\jackson\datatype\jackson-datatype-jdk8\2.19.2\jackson-datatype-jdk8-2.19.2.jar;C:\Users\ramya\.m2\repository\com\fasterxml\jackson\module\jackson-module-parameter-names\2.19.2\jackson-module-parameter-names-2.19.2.jar;C:\Users\ramya\.m2\repository\org\springframework\boot\spring-boot-starter-tomcat\3.5.4\spring-boot-starter-tomcat-3.5.4.jar;C:\Users\ramya\.m2\repository\org\apache\tomcat\embed\tomcat-embed-core\10.1.43\tomcat-embed-core-10.1.43.jar;C:\Users\ramya\.m2\repository\org\apache\tomcat\embed\tomcat-embed-websocket\10.1.43\tomcat-embed-websocket-10.1.43.jar;C:\Users\ramya\.m2\repository\org\springframework\spring-web\6.2.9\spring-web-6.2.9.jar;C:\Users\ramya\.m2\repository\io\micrometer\micrometer-observation\1.15.2\micrometer-observation-1.15.2.jar;C:\Users\ramya\.m2\repository\io\micrometer\micrometer-commons\1.15.2\micrometer-commons-1.15.2.jar;C:\Users\ramya\.m2\repository\org\springframework\spring-webmvc\6.2.9\spring-webmvc-6.2.9.jar;C:\Users\ramya\.m2\repository\org\springframework\spring-expression\6.2.9\spring-expression-6.2.9.jar;C:\Users\ramya\.m2\repository\org\apache\poi\poi-ooxml\5.2.3\poi-ooxml-5.2.3.jar;C:\Users\ramya\.m2\repository\org\apache\poi\poi-ooxml-lite\5.2.3\poi-ooxml-lite-5.2.3.jar;C:\Users\ramya\.m2\repository\org\apache\xmlbeans\xmlbeans\5.1.1\xmlbeans-5.1.1.jar;C:\Users\ramya\.m2\repository\org\apache\commons\commons-compress\1.21\commons-compress-1.21.jar;C:\Users\ramya\.m2\repository\commons-io\commons-io\2.11.0\commons-io-2.11.0.jar;C:\Users\ramya\.m2\repository\com\github\virtuald\curvesapi\1.07\curvesapi-1.07.jar;C:\Users\ramya\.m2\repository\org\apache\logging\log4j\log4j-api\2.24.3\log4j-api-2.24.3.jar;C:\Users\ramya\.m2\repository\org\apache\commons\commons-collections4\4.4\commons-collections4-4.4.jar;C:\Users\ramya\.m2\repository\org\springframework\boot\spring-boot-starter-validation\3.5.4\spring-boot-starter-validation-3.5.4.jar;C:\Users\ramya\.m2\repository\org\apache\tomcat\embed\tomcat-embed-el\10.1.43\tomcat-embed-el-10.1.43.jar;C:\Users\ramya\.m2\repository\org\hibernate\validator\hibernate-validator\8.0.2.Final\hibernate-validator-8.0.2.Final.jar;C:\Users\ramya\.m2\repository\jakarta\validation\jakarta.validation-api\3.0.2\jakarta.validation-api-3.0.2.jar;C:\Users\ramya\.m2\repository\org\apache\poi\poi\5.2.3\poi-5.2.3.jar;C:\Users\ramya\.m2\repository\commons-codec\commons-codec\1.18.0\commons-codec-1.18.0.jar;C:\Users\ramya\.m2\repository\org\apache\commons\commons-math3\3.6.1\commons-math3-3.6.1.jar;C:\Users\ramya\.m2\repository\com\zaxxer\SparseBitSet\1.2\SparseBitSet-1.2.jar;C:\Users\ramya\.m2\repository\io\jsonwebtoken\jjwt-api\0.11.5\jjwt-api-0.11.5.jar;C:\Users\ramya\.m2\repository\io\jsonwebtoken\jjwt-impl\0.11.5\jjwt-impl-0.11.5.jar;C:\Users\ramya\.m2\repository\org\springframework\boot\spring-boot-devtools\3.5.4\spring-boot-devtools-3.5.4.jar;C:\Users\ramya\.m2\repository\org\springframework\boot\spring-boot\3.5.4\spring-boot-3.5.4.jar;C:\Users\ramya\.m2\repository\org\springframework\boot\spring-boot-autoconfigure\3.5.4\spring-boot-autoconfigure-3.5.4.jar;C:\Users\ramya\.m2\repository\org\springframework\boot\spring-boot-starter-mail\3.5.4\spring-boot-starter-mail-3.5.4.jar;C:\Users\ramya\.m2\repository\org\springframework\spring-context-support\6.2.9\spring-context-support-6.2.9.jar;C:\Users\ramya\.m2\repository\org\eclipse\angus\jakarta.mail\2.0.3\jakarta.mail-2.0.3.jar;C:\Users\ramya\.m2\repository\jakarta\activation\jakarta.activation-api\2.1.3\jakarta.activation-api-2.1.3.jar;C:\Users\ramya\.m2\repository\org\eclipse\angus\angus-activation\2.0.2\angus-activation-2.0.2.jar;C:\Users\ramya\.m2\repository\io\jsonwebtoken\jjwt-jackson\0.11.5\jjwt-jackson-0.11.5.jar;C:\Users\ramya\.m2\repository\com\mysql\mysql-connector-j\9.3.0\mysql-connector-j-9.3.0.jar;C:\Users\ramya\.m2\repository\com\fasterxml\jackson\datatype\jackson-datatype-jsr310\2.19.2\jackson-datatype-jsr310-2.19.2.jar;C:\Users\ramya\.m2\repository\com\fasterxml\jackson\core\jackson-annotations\2.19.2\jackson-annotations-2.19.2.jar;C:\Users\ramya\.m2\repository\com\fasterxml\jackson\core\jackson-core\2.19.2\jackson-core-2.19.2.jar;C:\Users\ramya\.m2\repository\com\fasterxml\jackson\core\jackson-databind\2.19.2\jackson-databind-2.19.2.jar;C:\Users\ramya\.m2\repository\org\projectlombok\lombok\1.18.38\lombok-1.18.38.jar;C:\Users\ramya\.m2\repository\org\springframework\boot\spring-boot-starter-security\3.5.4\spring-boot-starter-security-3.5.4.jar;C:\Users\ramya\.m2\repository\org\springframework\spring-aop\6.2.9\spring-aop-6.2.9.jar;C:\Users\ramya\.m2\repository\org\springframework\security\spring-security-config\6.5.2\spring-security-config-6.5.2.jar;C:\Users\ramya\.m2\repository\org\springframework\security\spring-security-core\6.5.2\spring-security-core-6.5.2.jar;C:\Users\ramya\.m2\repository\org\springframework\security\spring-security-crypto\6.5.2\spring-security-crypto-6.5.2.jar;C:\Users\ramya\.m2\repository\org\springframework\security\spring-security-web\6.5.2\spring-security-web-6.5.2.jar;C:\Users\ramya\.m2\repository\jakarta\xml\bind\jakarta.xml.bind-api\4.0.2\jakarta.xml.bind-api-4.0.2.jar;C:\Users\ramya\.m2\repository\org\springframework\spring-core\6.2.9\spring-core-6.2.9.jar;C:\Users\ramya\.m2\repository\org\springframework\spring-jcl\6.2.9\spring-jcl-6.2.9.jar
Launcher Type: SUN_STANDARD

[Global flags]
     intx CICompilerCount                          = 3                                         {product} {ergonomic}
     uint ConcGCThreads                            = 1                                         {product} {ergonomic}
     uint G1ConcRefinementThreads                  = 4                                         {product} {ergonomic}
   size_t G1HeapRegionSize                         = 1048576                                   {product} {ergonomic}
    uintx GCDrainStackTargetSize                   = 64                                        {product} {ergonomic}
   size_t InitialHeapSize                          = 130023424                                 {product} {ergonomic}
     bool ManagementServer                         = true                                      {product} {command line}
   size_t MarkStackSize                            = 4194304                                   {product} {ergonomic}
   size_t MaxHeapSize                              = 2055208960                                {product} {ergonomic}
   size_t MaxNewSize                               = 1233125376                                {product} {ergonomic}
   size_t MinHeapDeltaBytes                        = 1048576                                   {product} {ergonomic}
   size_t MinHeapSize                              = 8388608                                   {product} {ergonomic}
    uintx NonNMethodCodeHeapSize                   = 4096                                   {pd product} {ergonomic}
    uintx NonProfiledCodeHeapSize                  = 0                                      {pd product} {ergonomic}
     bool ProfileInterpreter                       = false                                  {pd product} {command line}
    uintx ProfiledCodeHeapSize                     = 0                                      {pd product} {ergonomic}
     bool ShowCodeDetailsInExceptionMessages       = true                                   {manageable} {command line}
   size_t SoftMaxHeapSize                          = 2055208960                             {manageable} {ergonomic}
     intx TieredStopAtLevel                        = 1                                         {product} {command line}
     bool UseCompressedOops                        = true                           {product lp64_product} {ergonomic}
     bool UseG1GC                                  = true                                      {product} {ergonomic}
     bool UseLargePagesIndividualAllocation        = false                                  {pd product} {ergonomic}

Logging:
Log output configuration:
 #0: stdout all=warning uptime,level,tags foldmultilines=false
 #1: stderr all=off uptime,level,tags foldmultilines=false

Environment Variables:
JAVA_HOME=C:\Program Files\Java\jdk-23
CLASSPATH=C:\Program Files\Java\jdk-11\lib;
PATH=E:/sts-4.28.1.RELEASE//plugins/org.eclipse.justj.openjdk.hotspot.jre.full.win32.x86_64_21.0.6.v20250130-0529/jre/bin/server;E:/sts-4.28.1.RELEASE//plugins/org.eclipse.justj.openjdk.hotspot.jre.full.win32.x86_64_21.0.6.v20250130-0529/jre/bin;C:\Program Files\Common Files\Oracle\Java\javapath;C:\oraclexe\app\oracle\product\10.2.0\server\bin;C:\Program Files\Java\jdk-11\bin;C:\Program Files\HP\HP One Agent;C:\Program Files\MongoDB\mongosh-2.3.7-win32-x64\bin;C:\Program Files\Git\cmd;C:\Program Files\nodejs\;C:\ProgramData\chocolatey\bin;C:\Windows\System32\WindowsPowerShell\v1.0\;C:\Program Files\nodejs;C:\Users\ramya\AppData\Roaming\npm;C:\Users\ramya\AppData\Local\Programs\Microsoft VS Code\bin;E:\sts-4.28.1.RELEASE;
USERNAME=ramya
OS=Windows_NT
PROCESSOR_IDENTIFIER=Intel64 Family 6 Model 140 Stepping 2, GenuineIntel
TMP=C:\Users\ramya\AppData\Local\Temp
TEMP=C:\Users\ramya\AppData\Local\Temp




Periodic native trim disabled

---------------  S Y S T E M  ---------------

OS:
 Windows 11 , 64 bit Build 22621 (10.0.22621.5415)
OS uptime: 5 days 11:02 hours
Hyper-V role detected

CPU: total 4 (initial active 4) (2 cores per cpu, 2 threads per core) family 6 model 140 stepping 2 microcode 0x34, cx8, cmov, fxsr, ht, mmx, 3dnowpref, sse, sse2, sse3, ssse3, sse4.1, sse4.2, popcnt, lzcnt, tsc, tscinvbit, avx, avx2, aes, erms, clmul, bmi1, bmi2, adx, avx512f, avx512dq, avx512cd, avx512bw, avx512vl, sha, fma, vzeroupper, avx512_vpopcntdq, avx512_vpclmulqdq, avx512_vaes, avx512_vnni, clflush, clflushopt, clwb, avx512_vbmi2, avx512_vbmi, hv, rdtscp, rdpid, fsrm, gfni, avx512_bitalg, f16c, cet_ibt, cet_ss, avx512_ifma
Processor Information for processor 0
  Max Mhz: 2901, Current Mhz: 1100, Mhz Limit: 2901
Processor Information for processor 1
  Max Mhz: 2901, Current Mhz: 1100, Mhz Limit: 2901
Processor Information for processor 2
  Max Mhz: 2901, Current Mhz: 1100, Mhz Limit: 2901
Processor Information for processor 3
  Max Mhz: 2901, Current Mhz: 2901, Mhz Limit: 2901

Memory: 4k page, system-wide physical 7835M (372M free)
TotalPageFile size 22335M (AvailPageFile size 1M)
current process WorkingSet (physical memory assigned to process): 232M, peak: 232M
current process commit charge ("private bytes"): 260M, peak: 261M

vm_info: OpenJDK 64-Bit Server VM (21.0.6+7-LTS) for windows-amd64 JRE (21.0.6+7-LTS), built on 2025-01-21T00:00:00Z by "admin" with MS VC++ 17.7 (VS2022)

END.
