#
# There is insufficient memory for the Java Runtime Environment to continue.
# Native memory allocation (mmap) failed to map 39845888 bytes. Error detail: G1 virtual space
# Possible reasons:
#   The system is out of physical RAM or swap space
#   This process is running with CompressedOops enabled, and the Java Heap may be blocking the growth of the native heap
# Possible solutions:
#   Reduce memory load on the system
#   Increase physical memory or swap space
#   Check if swap backing store is full
#   Decrease Java heap size (-Xmx/-Xms)
#   Decrease number of Java threads
#   Decrease Java thread stack sizes (-Xss)
#   Set larger code cache with -XX:ReservedCodeCacheSize=
#   JVM is running with Unscaled Compressed Oops mode in which the Java heap is
#     placed in the first 4GB address space. The Java Heap base address is the
#     maximum limit for the native heap growth. Please use -XX:HeapBaseMinAddress
#     to set the Java Heap base and to place the Java Heap above 4GB virtual address.
# This output file may be truncated or incomplete.
#
#  Out of Memory Error (os_windows.cpp:3686), pid=29368, tid=32728
#
# JRE version: OpenJDK Runtime Environment Temurin-21.0.6+7 (21.0.6+7) (build 21.0.6+7-LTS)
# Java VM: OpenJDK 64-Bit Server VM Temurin-21.0.6+7 (21.0.6+7-LTS, mixed mode, emulated-client, sharing, tiered, compressed oops, compressed class ptrs, g1 gc, windows-amd64)
# No core dump will be written. Minidumps are not enabled by default on client versions of Windows
#

---------------  S U M M A R Y ------------

Command Line: -Dcom.sun.management.jmxremote -Dcom.sun.management.jmxremote.port=52239 -Dcom.sun.management.jmxremote.authenticate=false -Dcom.sun.management.jmxremote.ssl=false -Djava.rmi.server.hostname=localhost -Dspring.jmx.enabled=true -Dmanagement.endpoints.jmx.exposure.include=* -Dspring.application.admin.enabled=true -Dspring.output.ansi.enabled=always -XX:TieredStopAtLevel=1 -Dspring.boot.project.name=bk -Dfile.encoding=UTF-8 -Dstdout.encoding=UTF-8 -Dstderr.encoding=UTF-8 -XX:+ShowCodeDetailsInExceptionMessages com.example.demo.BkApplication

Host: 11th Gen Intel(R) Core(TM) i3-1115G4 @ 3.00GHz, 4 cores, 7G,  Windows 11 , 64 bit Build 22621 (10.0.22621.5415)
Time: Thu Sep  4 22:00:42 2025 India Standard Time elapsed time: 9.763553 seconds (0d 0h 0m 9s)

---------------  T H R E A D  ---------------

Current thread (0x00000225f234cf70):  VMThread "VM Thread"          [id=32728, stack(0x0000007bb7500000,0x0000007bb7600000) (1024K)]

Stack: [0x0000007bb7500000,0x0000007bb7600000]
Native frames: (J=compiled Java code, j=interpreted, Vv=VM code, C=native code)
V  [jvm.dll+0x6cdee9]
V  [jvm.dll+0x8a83d1]
V  [jvm.dll+0x8aa8fe]
V  [jvm.dll+0x8aafe3]
V  [jvm.dll+0x27f706]
V  [jvm.dll+0x6ca755]
V  [jvm.dll+0x6bea3a]
V  [jvm.dll+0x355d6a]
V  [jvm.dll+0x35d936]
V  [jvm.dll+0x3af58e]
V  [jvm.dll+0x3af838]
V  [jvm.dll+0x329efc]
V  [jvm.dll+0x329f87]
V  [jvm.dll+0x36dd4c]
V  [jvm.dll+0x36c598]
V  [jvm.dll+0x3296c1]
V  [jvm.dll+0x36bc0a]
V  [jvm.dll+0x8b0cff]
V  [jvm.dll+0x8b2084]
V  [jvm.dll+0x8b25c0]
V  [jvm.dll+0x8b2863]
V  [jvm.dll+0x851f8b]
V  [jvm.dll+0x6cc5ed]
C  [ucrtbase.dll+0x29333]
C  [KERNEL32.DLL+0x1259d]
C  [ntdll.dll+0x5af78]

VM_Operation (0x0000007bb88f7f60): G1CollectForAllocation, mode: safepoint, requested by thread 0x00000225f2ecb1b0


---------------  P R O C E S S  ---------------

Threads class SMR info:
_java_thread_list=0x00000225f98761d0, length=27, elements={
0x00000225e70db810, 0x00000225f23655c0, 0x00000225f23683d0, 0x00000225f236afc0,
0x00000225f236ced0, 0x00000225f236ea20, 0x00000225f236f560, 0x00000225f2372a40,
0x00000225f23ce840, 0x00000225f2461230, 0x00000225f24aafa0, 0x00000225f29b9e90,
0x00000225f2b09b00, 0x00000225f2b127c0, 0x00000225f2b24540, 0x00000225f2ea9870,
0x00000225f2ecb1b0, 0x00000225f2f6a930, 0x00000225f2f7f190, 0x00000225f2f41350,
0x00000225f2fc5f10, 0x00000225f2fc72c0, 0x00000225f2fc4b60, 0x00000225f2fc65a0,
0x00000225f2fc44d0, 0x00000225f2fc5880, 0x00000225f2fc51f0
}

Java Threads: ( => current thread )
  0x00000225e70db810 JavaThread "main"                              [_thread_blocked, id=32860, stack(0x0000007bb6e00000,0x0000007bb6f00000) (1024K)]
  0x00000225f23655c0 JavaThread "Reference Handler"          daemon [_thread_blocked, id=4484, stack(0x0000007bb7600000,0x0000007bb7700000) (1024K)]
  0x00000225f23683d0 JavaThread "Finalizer"                  daemon [_thread_blocked, id=27728, stack(0x0000007bb7700000,0x0000007bb7800000) (1024K)]
  0x00000225f236afc0 JavaThread "Signal Dispatcher"          daemon [_thread_blocked, id=12096, stack(0x0000007bb7800000,0x0000007bb7900000) (1024K)]
  0x00000225f236ced0 JavaThread "Attach Listener"            daemon [_thread_blocked, id=25812, stack(0x0000007bb7900000,0x0000007bb7a00000) (1024K)]
  0x00000225f236ea20 JavaThread "Service Thread"             daemon [_thread_blocked, id=8128, stack(0x0000007bb7a00000,0x0000007bb7b00000) (1024K)]
  0x00000225f236f560 JavaThread "Monitor Deflation Thread"   daemon [_thread_blocked, id=20032, stack(0x0000007bb7b00000,0x0000007bb7c00000) (1024K)]
  0x00000225f2372a40 JavaThread "C1 CompilerThread0"         daemon [_thread_blocked, id=33888, stack(0x0000007bb7c00000,0x0000007bb7d00000) (1024K)]
  0x00000225f23ce840 JavaThread "Common-Cleaner"             daemon [_thread_blocked, id=34604, stack(0x0000007bb7d00000,0x0000007bb7e00000) (1024K)]
  0x00000225f2461230 JavaThread "C1 CompilerThread1"         daemon [_thread_blocked, id=17072, stack(0x0000007bb7e00000,0x0000007bb7f00000) (1024K)]
  0x00000225f24aafa0 JavaThread "Notification Thread"        daemon [_thread_blocked, id=33684, stack(0x0000007bb7f00000,0x0000007bb8000000) (1024K)]
  0x00000225f29b9e90 JavaThread "C1 CompilerThread2"         daemon [_thread_blocked, id=33632, stack(0x0000007bb8000000,0x0000007bb8100000) (1024K)]
  0x00000225f2b09b00 JavaThread "RMI TCP Accept-0"           daemon [_thread_in_native, id=12688, stack(0x0000007bb8400000,0x0000007bb8500000) (1024K)]
  0x00000225f2b127c0 JavaThread "RMI TCP Accept-52239"       daemon [_thread_in_native, id=9488, stack(0x0000007bb8500000,0x0000007bb8600000) (1024K)]
  0x00000225f2b24540 JavaThread "RMI TCP Accept-0"           daemon [_thread_in_native, id=33624, stack(0x0000007bb8600000,0x0000007bb8700000) (1024K)]
  0x00000225f2ea9870 JavaThread "Thread-0"                          [_thread_blocked, id=29432, stack(0x0000007bb8700000,0x0000007bb8800000) (1024K)]
  0x00000225f2ecb1b0 JavaThread "restartedMain"                     [_thread_blocked, id=12484, stack(0x0000007bb8800000,0x0000007bb8900000) (1024K)]
  0x00000225f2f6a930 JavaThread "RMI TCP Connection(1)-127.0.0.1" daemon [_thread_in_native, id=29904, stack(0x0000007bb8900000,0x0000007bb8a00000) (1024K)]
  0x00000225f2f7f190 JavaThread "RMI Scheduler(0)"           daemon [_thread_blocked, id=11668, stack(0x0000007bb8a00000,0x0000007bb8b00000) (1024K)]
  0x00000225f2f41350 JavaThread "RMI TCP Connection(2)-127.0.0.1" daemon [_thread_in_native, id=32792, stack(0x0000007bb8b00000,0x0000007bb8c00000) (1024K)]
  0x00000225f2fc5f10 JavaThread "JMX server connection timeout 33" daemon [_thread_blocked, id=34140, stack(0x0000007bb8c00000,0x0000007bb8d00000) (1024K)]
  0x00000225f2fc72c0 JavaThread "mysql-cj-abandoned-connection-cleanup" daemon [_thread_blocked, id=32924, stack(0x0000007bb8d00000,0x0000007bb8e00000) (1024K)]
  0x00000225f2fc4b60 JavaThread "HikariPool-1:housekeeper"   daemon [_thread_blocked, id=33512, stack(0x0000007bb8f00000,0x0000007bb9000000) (1024K)]
  0x00000225f2fc65a0 JavaThread "HikariPool-1:connection-adder" daemon [_thread_blocked, id=12024, stack(0x0000007bb9000000,0x0000007bb9100000) (1024K)]
  0x00000225f2fc44d0 JavaThread "Catalina-utility-1"                [_thread_blocked, id=23128, stack(0x0000007bb9100000,0x0000007bb9200000) (1024K)]
  0x00000225f2fc5880 JavaThread "Catalina-utility-2"                [_thread_blocked, id=30728, stack(0x0000007bb9200000,0x0000007bb9300000) (1024K)]
  0x00000225f2fc51f0 JavaThread "container-0"                       [_thread_blocked, id=29896, stack(0x0000007bb9300000,0x0000007bb9400000) (1024K)]
Total: 27

Other Threads:
=>0x00000225f234cf70 VMThread "VM Thread"                           [id=32728, stack(0x0000007bb7500000,0x0000007bb7600000) (1024K)]
  0x00000225f233da70 WatcherThread "VM Periodic Task Thread"        [id=7464, stack(0x0000007bb7400000,0x0000007bb7500000) (1024K)]
  0x00000225e7130290 WorkerThread "GC Thread#0"                     [id=30984, stack(0x0000007bb6f00000,0x0000007bb7000000) (1024K)]
  0x00000225f29c1220 WorkerThread "GC Thread#1"                     [id=33924, stack(0x0000007bb8100000,0x0000007bb8200000) (1024K)]
  0x00000225f29d0460 WorkerThread "GC Thread#2"                     [id=35048, stack(0x0000007bb8200000,0x0000007bb8300000) (1024K)]
  0x00000225f29d0800 WorkerThread "GC Thread#3"                     [id=24520, stack(0x0000007bb8300000,0x0000007bb8400000) (1024K)]
  0x00000225e7140f80 ConcurrentGCThread "G1 Main Marker"            [id=34764, stack(0x0000007bb7000000,0x0000007bb7100000) (1024K)]
  0x00000225e71423d0 WorkerThread "G1 Conc#0"                       [id=35396, stack(0x0000007bb7100000,0x0000007bb7200000) (1024K)]
  0x00000225e718e4d0 ConcurrentGCThread "G1 Refine#0"               [id=29320, stack(0x0000007bb7200000,0x0000007bb7300000) (1024K)]
  0x00000225f22106b0 ConcurrentGCThread "G1 Service"                [id=4584, stack(0x0000007bb7300000,0x0000007bb7400000) (1024K)]
Total: 10

Threads with active compile tasks:
Total: 0

VM state: at safepoint (normal execution)

VM Mutex/Monitor currently owned by a thread:  ([mutex/lock_event])
[0x00007ffa0c39e380] Threads_lock - owner thread: 0x00000225f234cf70
[0x00007ffa0c39e480] Heap_lock - owner thread: 0x00000225f2ecb1b0

Heap address: 0x0000000085800000, size: 1960 MB, Compressed Oops mode: 32-bit

CDS archive(s) mapped at: [0x0000022580000000-0x0000022580c80000-0x0000022580c80000), size 13107200, SharedBaseAddress: 0x0000022580000000, ArchiveRelocationMode: 1.
Compressed class space mapped at: 0x0000022581000000-0x00000225c1000000, reserved size: 1073741824
Narrow klass base: 0x0000022580000000, Narrow klass shift: 0, Narrow klass range: 0x100000000

GC Precious Log:
 CardTable entry size: 512
 Card Set container configuration: InlinePtr #cards 5 size 8 Array Of Cards #cards 12 size 40 Howl #buckets 4 coarsen threshold 1843 Howl Bitmap #cards 512 size 80 coarsen threshold 460 Card regions per heap region 1 cards per card region 2048
 CPUs: 4 total, 4 available
 Memory: 7835M
 Large Page Support: Disabled
 NUMA Support: Disabled
 Compressed Oops: Enabled (32-bit)
 Heap Region Size: 1M
 Heap Min Capacity: 8M
 Heap Initial Capacity: 124M
 Heap Max Capacity: 1960M
 Pre-touch: Disabled
 Parallel Workers: 4
 Concurrent Workers: 1
 Concurrent Refinement Workers: 4
 Periodic GC: Disabled

Heap:
 garbage-first heap   total 92160K, used 49405K [0x0000000085800000, 0x0000000100000000)
  region size 1024K, 3 young (3072K), 3 survivors (3072K)
 Metaspace       used 70309K, committed 71040K, reserved 1114112K
  class space    used 10256K, committed 10560K, reserved 1048576K

Heap Regions: E=young(eden), S=young(survivor), O=old, HS=humongous(starts), HC=humongous(continues), CS=collection set, F=free, TAMS=top-at-mark-start, PB=parsable bottom
|   0|0x0000000085800000, 0x0000000085900000, 0x0000000085900000|100%|HS|  |TAMS 0x0000000085800000| PB 0x0000000085800000| Complete 
|   1|0x0000000085900000, 0x0000000085a00000, 0x0000000085a00000|100%|HS|  |TAMS 0x0000000085900000| PB 0x0000000085900000| Complete 
|   2|0x0000000085a00000, 0x0000000085b00000, 0x0000000085b00000|100%| O|  |TAMS 0x0000000085a00000| PB 0x0000000085a00000| Untracked 
|   3|0x0000000085b00000, 0x0000000085c00000, 0x0000000085c00000|100%| O|  |TAMS 0x0000000085b00000| PB 0x0000000085b00000| Untracked 
|   4|0x0000000085c00000, 0x0000000085d00000, 0x0000000085d00000|100%| O|  |TAMS 0x0000000085c00000| PB 0x0000000085c00000| Untracked 
|   5|0x0000000085d00000, 0x0000000085e00000, 0x0000000085e00000|100%| O|  |TAMS 0x0000000085d00000| PB 0x0000000085d00000| Untracked 
|   6|0x0000000085e00000, 0x0000000085f00000, 0x0000000085f00000|100%| O|  |TAMS 0x0000000085e00000| PB 0x0000000085e00000| Untracked 
|   7|0x0000000085f00000, 0x0000000086000000, 0x0000000086000000|100%| O|  |TAMS 0x0000000085f00000| PB 0x0000000085f00000| Untracked 
|   8|0x0000000086000000, 0x00000000860c57e8, 0x0000000086100000| 77%| O|  |TAMS 0x0000000086000000| PB 0x0000000086000000| Untracked 
|   9|0x0000000086100000, 0x0000000086200000, 0x0000000086200000|100%| O|  |TAMS 0x0000000086100000| PB 0x0000000086100000| Untracked 
|  10|0x0000000086200000, 0x0000000086300000, 0x0000000086300000|100%| O|  |TAMS 0x0000000086200000| PB 0x0000000086200000| Untracked 
|  11|0x0000000086300000, 0x0000000086400000, 0x0000000086400000|100%| O|  |TAMS 0x0000000086300000| PB 0x0000000086300000| Untracked 
|  12|0x0000000086400000, 0x0000000086500000, 0x0000000086500000|100%| O|  |TAMS 0x0000000086400000| PB 0x0000000086400000| Untracked 
|  13|0x0000000086500000, 0x0000000086600000, 0x0000000086600000|100%| O|  |TAMS 0x0000000086500000| PB 0x0000000086500000| Untracked 
|  14|0x0000000086600000, 0x0000000086700000, 0x0000000086700000|100%| O|  |TAMS 0x0000000086600000| PB 0x0000000086600000| Untracked 
|  15|0x0000000086700000, 0x0000000086800000, 0x0000000086800000|100%| O|  |TAMS 0x0000000086700000| PB 0x0000000086700000| Untracked 
|  16|0x0000000086800000, 0x0000000086900000, 0x0000000086900000|100%| O|  |TAMS 0x0000000086800000| PB 0x0000000086800000| Untracked 
|  17|0x0000000086900000, 0x0000000086a00000, 0x0000000086a00000|100%| O|  |TAMS 0x0000000086900000| PB 0x0000000086900000| Untracked 
|  18|0x0000000086a00000, 0x0000000086b00000, 0x0000000086b00000|100%| O|  |TAMS 0x0000000086a00000| PB 0x0000000086a00000| Untracked 
|  19|0x0000000086b00000, 0x0000000086c00000, 0x0000000086c00000|100%| O|  |TAMS 0x0000000086b00000| PB 0x0000000086b00000| Untracked 
|  20|0x0000000086c00000, 0x0000000086d00000, 0x0000000086d00000|100%| O|  |TAMS 0x0000000086c00000| PB 0x0000000086c00000| Untracked 
|  21|0x0000000086d00000, 0x0000000086e00000, 0x0000000086e00000|100%| O|  |TAMS 0x0000000086d00000| PB 0x0000000086d00000| Untracked 
|  22|0x0000000086e00000, 0x0000000086f00000, 0x0000000086f00000|100%| O|  |TAMS 0x0000000086e00000| PB 0x0000000086e00000| Untracked 
|  23|0x0000000086f00000, 0x0000000087000000, 0x0000000087000000|100%| O|  |TAMS 0x0000000086f00000| PB 0x0000000086f00000| Untracked 
|  24|0x0000000087000000, 0x0000000087100000, 0x0000000087100000|100%| O|  |TAMS 0x0000000087000000| PB 0x0000000087000000| Untracked 
|  25|0x0000000087100000, 0x0000000087200000, 0x0000000087200000|100%| O|  |TAMS 0x0000000087100000| PB 0x0000000087100000| Untracked 
|  26|0x0000000087200000, 0x0000000087300000, 0x0000000087300000|100%| O|  |TAMS 0x0000000087200000| PB 0x0000000087200000| Untracked 
|  27|0x0000000087300000, 0x0000000087400000, 0x0000000087400000|100%| O|  |TAMS 0x0000000087300000| PB 0x0000000087300000| Untracked 
|  28|0x0000000087400000, 0x0000000087500000, 0x0000000087500000|100%| O|  |TAMS 0x0000000087400000| PB 0x0000000087400000| Untracked 
|  29|0x0000000087500000, 0x0000000087600000, 0x0000000087600000|100%| O|  |TAMS 0x0000000087500000| PB 0x0000000087500000| Untracked 
|  30|0x0000000087600000, 0x0000000087700000, 0x0000000087700000|100%| O|  |TAMS 0x0000000087600000| PB 0x0000000087600000| Untracked 
|  31|0x0000000087700000, 0x0000000087800000, 0x0000000087800000|100%| O|  |TAMS 0x0000000087700000| PB 0x0000000087700000| Untracked 
|  32|0x0000000087800000, 0x0000000087900000, 0x0000000087900000|100%| O|  |TAMS 0x0000000087800000| PB 0x0000000087800000| Untracked 
|  33|0x0000000087900000, 0x0000000087a00000, 0x0000000087a00000|100%| O|  |TAMS 0x0000000087900000| PB 0x0000000087900000| Untracked 
|  34|0x0000000087a00000, 0x0000000087a00000, 0x0000000087b00000|  0%| F|  |TAMS 0x0000000087a00000| PB 0x0000000087a00000| Untracked 
|  35|0x0000000087b00000, 0x0000000087b00000, 0x0000000087c00000|  0%| F|  |TAMS 0x0000000087b00000| PB 0x0000000087b00000| Untracked 
|  36|0x0000000087c00000, 0x0000000087d00000, 0x0000000087d00000|100%| O|  |TAMS 0x0000000087c00000| PB 0x0000000087c00000| Untracked 
|  37|0x0000000087d00000, 0x0000000087e00000, 0x0000000087e00000|100%| O|  |TAMS 0x0000000087d00000| PB 0x0000000087d00000| Untracked 
|  38|0x0000000087e00000, 0x0000000087e00000, 0x0000000087f00000|  0%| F|  |TAMS 0x0000000087e00000| PB 0x0000000087e00000| Untracked 
|  39|0x0000000087f00000, 0x0000000087f00000, 0x0000000088000000|  0%| F|  |TAMS 0x0000000087f00000| PB 0x0000000087f00000| Untracked 
|  40|0x0000000088000000, 0x0000000088100000, 0x0000000088100000|100%| O|  |TAMS 0x0000000088000000| PB 0x0000000088000000| Untracked 
|  41|0x0000000088100000, 0x000000008812af78, 0x0000000088200000| 16%| O|  |TAMS 0x0000000088100000| PB 0x0000000088100000| Untracked 
|  42|0x0000000088200000, 0x0000000088200000, 0x0000000088300000|  0%| F|  |TAMS 0x0000000088200000| PB 0x0000000088200000| Untracked 
|  43|0x0000000088300000, 0x0000000088400000, 0x0000000088400000|100%| O|  |TAMS 0x0000000088300000| PB 0x0000000088300000| Untracked 
|  44|0x0000000088400000, 0x0000000088500000, 0x0000000088500000|100%| O|  |TAMS 0x0000000088400000| PB 0x0000000088400000| Untracked 
|  45|0x0000000088500000, 0x0000000088600000, 0x0000000088600000|100%| O|  |TAMS 0x0000000088500000| PB 0x0000000088500000| Untracked 
|  46|0x0000000088600000, 0x0000000088700000, 0x0000000088700000|100%| O|  |TAMS 0x0000000088600000| PB 0x0000000088600000| Untracked 
|  47|0x0000000088700000, 0x0000000088800000, 0x0000000088800000|100%| O|  |TAMS 0x0000000088700000| PB 0x0000000088700000| Untracked 
|  48|0x0000000088800000, 0x0000000088900000, 0x0000000088900000|100%| O|  |TAMS 0x0000000088800000| PB 0x0000000088800000| Untracked 
|  49|0x0000000088900000, 0x0000000088a00000, 0x0000000088a00000|100%| O|  |TAMS 0x0000000088900000| PB 0x0000000088900000| Untracked 
|  50|0x0000000088a00000, 0x0000000088b00000, 0x0000000088b00000|100%| O|  |TAMS 0x0000000088a00000| PB 0x0000000088a00000| Untracked 
|  51|0x0000000088b00000, 0x0000000088c00000, 0x0000000088c00000|100%| O|  |TAMS 0x0000000088b00000| PB 0x0000000088b00000| Untracked 
|  52|0x0000000088c00000, 0x0000000088c00000, 0x0000000088d00000|  0%| F|  |TAMS 0x0000000088c00000| PB 0x0000000088c00000| Untracked 
|  53|0x0000000088d00000, 0x0000000088d00000, 0x0000000088e00000|  0%| F|  |TAMS 0x0000000088d00000| PB 0x0000000088d00000| Untracked 
|  54|0x0000000088e00000, 0x0000000088e00000, 0x0000000088f00000|  0%| F|  |TAMS 0x0000000088e00000| PB 0x0000000088e00000| Untracked 
|  55|0x0000000088f00000, 0x0000000088f00000, 0x0000000089000000|  0%| F|  |TAMS 0x0000000088f00000| PB 0x0000000088f00000| Untracked 
|  56|0x0000000089000000, 0x0000000089000000, 0x0000000089100000|  0%| F|  |TAMS 0x0000000089000000| PB 0x0000000089000000| Untracked 
|  57|0x0000000089100000, 0x0000000089100000, 0x0000000089200000|  0%| F|  |TAMS 0x0000000089100000| PB 0x0000000089100000| Untracked 
|  58|0x0000000089200000, 0x0000000089200000, 0x0000000089300000|  0%| F|  |TAMS 0x0000000089200000| PB 0x0000000089200000| Untracked 
|  59|0x0000000089300000, 0x000000008934ef20, 0x0000000089400000| 30%| S|CS|TAMS 0x0000000089300000| PB 0x0000000089300000| Complete 
|  60|0x0000000089400000, 0x0000000089500000, 0x0000000089500000|100%| S|CS|TAMS 0x0000000089400000| PB 0x0000000089400000| Complete 
|  61|0x0000000089500000, 0x0000000089600000, 0x0000000089600000|100%| S|CS|TAMS 0x0000000089500000| PB 0x0000000089500000| Complete 
|  62|0x0000000089600000, 0x0000000089600000, 0x0000000089700000|  0%| F|  |TAMS 0x0000000089600000| PB 0x0000000089600000| Untracked 
|  63|0x0000000089700000, 0x0000000089700000, 0x0000000089800000|  0%| F|  |TAMS 0x0000000089700000| PB 0x0000000089700000| Untracked 
|  64|0x0000000089800000, 0x0000000089800000, 0x0000000089900000|  0%| F|  |TAMS 0x0000000089800000| PB 0x0000000089800000| Untracked 
|  65|0x0000000089900000, 0x0000000089900000, 0x0000000089a00000|  0%| F|  |TAMS 0x0000000089900000| PB 0x0000000089900000| Untracked 
|  66|0x0000000089a00000, 0x0000000089a00000, 0x0000000089b00000|  0%| F|  |TAMS 0x0000000089a00000| PB 0x0000000089a00000| Untracked 
|  67|0x0000000089b00000, 0x0000000089b00000, 0x0000000089c00000|  0%| F|  |TAMS 0x0000000089b00000| PB 0x0000000089b00000| Untracked 
|  68|0x0000000089c00000, 0x0000000089c00000, 0x0000000089d00000|  0%| F|  |TAMS 0x0000000089c00000| PB 0x0000000089c00000| Untracked 
|  69|0x0000000089d00000, 0x0000000089d00000, 0x0000000089e00000|  0%| F|  |TAMS 0x0000000089d00000| PB 0x0000000089d00000| Untracked 
|  70|0x0000000089e00000, 0x0000000089e00000, 0x0000000089f00000|  0%| F|  |TAMS 0x0000000089e00000| PB 0x0000000089e00000| Untracked 
|  71|0x0000000089f00000, 0x0000000089f00000, 0x000000008a000000|  0%| F|  |TAMS 0x0000000089f00000| PB 0x0000000089f00000| Untracked 
|  72|0x000000008a000000, 0x000000008a000000, 0x000000008a100000|  0%| F|  |TAMS 0x000000008a000000| PB 0x000000008a000000| Untracked 
|  73|0x000000008a100000, 0x000000008a100000, 0x000000008a200000|  0%| F|  |TAMS 0x000000008a100000| PB 0x000000008a100000| Untracked 
|  74|0x000000008a200000, 0x000000008a200000, 0x000000008a300000|  0%| F|  |TAMS 0x000000008a200000| PB 0x000000008a200000| Untracked 
|  75|0x000000008a300000, 0x000000008a300000, 0x000000008a400000|  0%| F|  |TAMS 0x000000008a300000| PB 0x000000008a300000| Untracked 
|  76|0x000000008a400000, 0x000000008a400000, 0x000000008a500000|  0%| F|  |TAMS 0x000000008a400000| PB 0x000000008a400000| Untracked 
|  77|0x000000008a500000, 0x000000008a500000, 0x000000008a600000|  0%| F|  |TAMS 0x000000008a500000| PB 0x000000008a500000| Untracked 
|  78|0x000000008a600000, 0x000000008a600000, 0x000000008a700000|  0%| F|  |TAMS 0x000000008a600000| PB 0x000000008a600000| Untracked 
|  79|0x000000008a700000, 0x000000008a700000, 0x000000008a800000|  0%| F|  |TAMS 0x000000008a700000| PB 0x000000008a700000| Untracked 
|  80|0x000000008a800000, 0x000000008a800000, 0x000000008a900000|  0%| F|  |TAMS 0x000000008a800000| PB 0x000000008a800000| Untracked 
|  81|0x000000008a900000, 0x000000008a900000, 0x000000008aa00000|  0%| F|  |TAMS 0x000000008a900000| PB 0x000000008a900000| Untracked 
|  82|0x000000008aa00000, 0x000000008aa00000, 0x000000008ab00000|  0%| F|  |TAMS 0x000000008aa00000| PB 0x000000008aa00000| Untracked 
|  83|0x000000008ab00000, 0x000000008ab00000, 0x000000008ac00000|  0%| F|  |TAMS 0x000000008ab00000| PB 0x000000008ab00000| Untracked 
| 122|0x000000008d200000, 0x000000008d200000, 0x000000008d300000|  0%| F|  |TAMS 0x000000008d200000| PB 0x000000008d200000| Untracked 
| 123|0x000000008d300000, 0x000000008d300000, 0x000000008d400000|  0%| F|  |TAMS 0x000000008d300000| PB 0x000000008d300000| Untracked 
|1956|0x00000000ffc00000, 0x00000000ffc00000, 0x00000000ffd00000|  0%| F|  |TAMS 0x00000000ffc00000| PB 0x00000000ffc00000| Untracked 
|1957|0x00000000ffd00000, 0x00000000ffd00000, 0x00000000ffe00000|  0%| F|  |TAMS 0x00000000ffd00000| PB 0x00000000ffd00000| Untracked 
|1958|0x00000000ffe00000, 0x00000000ffe00000, 0x00000000fff00000|  0%| F|  |TAMS 0x00000000ffe00000| PB 0x00000000ffe00000| Untracked 
|1959|0x00000000fff00000, 0x00000000fff00000, 0x0000000100000000|  0%| F|  |TAMS 0x00000000fff00000| PB 0x00000000fff00000| Untracked 

Card table byte_map: [0x00000225ede40000,0x00000225ee220000] _byte_map_base: 0x00000225eda14000

Marking Bits: (CMBitMap*) 0x00000225e71311a0
 Bits: [0x00000225ee220000, 0x00000225f00c0000)

Polling page: 0x00000225e4f50000

Metaspace:

Usage:
  Non-class:     58.65 MB used.
      Class:     10.02 MB used.
       Both:     68.66 MB used.

Virtual space:
  Non-class space:       64.00 MB reserved,      59.06 MB ( 92%) committed,  1 nodes.
      Class space:        1.00 GB reserved,      10.31 MB (  1%) committed,  1 nodes.
             Both:        1.06 GB reserved,      69.38 MB (  6%) committed. 

Chunk freelists:
   Non-Class:  4.83 MB
       Class:  5.56 MB
        Both:  10.39 MB

MaxMetaspaceSize: unlimited
CompressedClassSpaceSize: 1.00 GB
Initial GC threshold: 21.00 MB
Current GC threshold: 113.44 MB
CDS: on
 - commit_granule_bytes: 65536.
 - commit_granule_words: 8192.
 - virtual_space_node_default_size: 8388608.
 - enlarge_chunks_in_place: 1.
 - use_allocation_guard: 0.


Internal statistics:

num_allocs_failed_limit: 9.
num_arena_births: 992.
num_arena_deaths: 0.
num_vsnodes_births: 2.
num_vsnodes_deaths: 0.
num_space_committed: 1110.
num_space_uncommitted: 0.
num_chunks_returned_to_freelist: 9.
num_chunks_taken_from_freelist: 3469.
num_chunk_merges: 9.
num_chunk_splits: 2587.
num_chunks_enlarged: 2055.
num_inconsistent_stats: 0.

CodeCache: size=49152Kb used=13139Kb max_used=13881Kb free=36012Kb
 bounds [0x00000225eaa60000, 0x00000225eb7f0000, 0x00000225eda60000]
 total_blobs=7375 nmethods=6662 adapters=634
 compilation: enabled
              stopped_count=0, restarted_count=0
 full_count=0

Compilation events (20 events):
Event: 9.737 Thread 0x00000225f29b9e90 nmethod 7434 0x00000225eaff9210 code [0x00000225eaff93e0, 0x00000225eaff9598]
Event: 9.737 Thread 0x00000225f2461230 nmethod 7433 0x00000225eaccfb10 code [0x00000225eaccfd40, 0x00000225eacd0198]
Event: 9.738 Thread 0x00000225f2461230 7435       1       org.antlr.v4.runtime.misc.IntegerList::size (5 bytes)
Event: 9.738 Thread 0x00000225f2461230 nmethod 7435 0x00000225eacf1c10 code [0x00000225eacf1da0, 0x00000225eacf1e68]
Event: 9.745 Thread 0x00000225f2461230 7436       1       java.util.regex.Pattern$$Lambda/0x800000031::is (9 bytes)
Event: 9.745 Thread 0x00000225f2372a40 7437       1       java.util.regex.Pattern::lambda$negate$7 (16 bytes)
Event: 9.745 Thread 0x00000225f29b9e90 7438       1       org.springframework.util.Assert::isInstanceOf (21 bytes)
Event: 9.745 Thread 0x00000225f2372a40 nmethod 7437 0x00000225eacf3510 code [0x00000225eacf36c0, 0x00000225eacf37a0]
Event: 9.745 Thread 0x00000225f2461230 nmethod 7436 0x00000225eac94390 code [0x00000225eac94540, 0x00000225eac94648]
Event: 9.745 Thread 0x00000225f29b9e90 nmethod 7438 0x00000225eae5c610 code [0x00000225eae5c7c0, 0x00000225eae5c970]
Event: 9.746 Thread 0x00000225f2461230 7439   !   1       org.antlr.v4.runtime.atn.LexerATNSimulator::match (96 bytes)
Event: 9.746 Thread 0x00000225f29b9e90 7441       1       org.antlr.v4.runtime.atn.LexerATNSimulator::execATN (131 bytes)
Event: 9.746 Thread 0x00000225f2372a40 7440       1       org.antlr.v4.runtime.atn.LexerATNSimulator$SimState::reset (21 bytes)
Event: 9.746 Thread 0x00000225f2372a40 nmethod 7440 0x00000225eacff490 code [0x00000225eacff620, 0x00000225eacff720]
Event: 9.746 Thread 0x00000225f2372a40 7442       1       org.antlr.v4.runtime.atn.LexerATNSimulator::failOrAccept (86 bytes)
Event: 9.746 Thread 0x00000225f2461230 nmethod 7439 0x00000225eae13a90 code [0x00000225eae13c60, 0x00000225eae13fa0]
Event: 9.746 Thread 0x00000225f2461230 7443       1       org.antlr.v4.runtime.atn.LexerATNSimulator::accept (42 bytes)
Event: 9.746 Thread 0x00000225f2372a40 nmethod 7442 0x00000225ead28f10 code [0x00000225ead290e0, 0x00000225ead29360]
Event: 9.746 Thread 0x00000225f2461230 nmethod 7443 0x00000225eacd2d10 code [0x00000225eacd2ec0, 0x00000225eacd3020]
Event: 9.746 Thread 0x00000225f29b9e90 nmethod 7441 0x00000225eade7810 code [0x00000225eade7a20, 0x00000225eade7f28]

GC Heap History (20 events):
Event: 7.457 GC heap after
{Heap after GC invocations=15 (full 0):
 garbage-first heap   total 66560K, used 31698K [0x0000000085800000, 0x0000000100000000)
  region size 1024K, 2 young (2048K), 2 survivors (2048K)
 Metaspace       used 59685K, committed 60416K, reserved 1114112K
  class space    used 8433K, committed 8768K, reserved 1048576K
}
Event: 8.302 GC heap before
{Heap before GC invocations=16 (full 0):
 garbage-first heap   total 66560K, used 59346K [0x0000000085800000, 0x0000000100000000)
  region size 1024K, 29 young (29696K), 2 survivors (2048K)
 Metaspace       used 63865K, committed 64512K, reserved 1114112K
  class space    used 9060K, committed 9344K, reserved 1048576K
}
Event: 8.307 GC heap after
{Heap after GC invocations=17 (full 0):
 garbage-first heap   total 66560K, used 33872K [0x0000000085800000, 0x0000000100000000)
  region size 1024K, 4 young (4096K), 4 survivors (4096K)
 Metaspace       used 63865K, committed 64512K, reserved 1114112K
  class space    used 9060K, committed 9344K, reserved 1048576K
}
Event: 8.734 GC heap before
{Heap before GC invocations=17 (full 0):
 garbage-first heap   total 66560K, used 56400K [0x0000000085800000, 0x0000000100000000)
  region size 1024K, 27 young (27648K), 4 survivors (4096K)
 Metaspace       used 67053K, committed 67840K, reserved 1114112K
  class space    used 9656K, committed 9984K, reserved 1048576K
}
Event: 8.741 GC heap after
{Heap after GC invocations=18 (full 0):
 garbage-first heap   total 66560K, used 35856K [0x0000000085800000, 0x0000000100000000)
  region size 1024K, 3 young (3072K), 3 survivors (3072K)
 Metaspace       used 67053K, committed 67840K, reserved 1114112K
  class space    used 9656K, committed 9984K, reserved 1048576K
}
Event: 8.800 GC heap before
{Heap before GC invocations=18 (full 0):
 garbage-first heap   total 66560K, used 58384K [0x0000000085800000, 0x0000000100000000)
  region size 1024K, 25 young (25600K), 3 survivors (3072K)
 Metaspace       used 67085K, committed 67840K, reserved 1114112K
  class space    used 9661K, committed 9984K, reserved 1048576K
}
Event: 8.803 GC heap after
{Heap after GC invocations=19 (full 0):
 garbage-first heap   total 66560K, used 36034K [0x0000000085800000, 0x0000000100000000)
  region size 1024K, 3 young (3072K), 3 survivors (3072K)
 Metaspace       used 67085K, committed 67840K, reserved 1114112K
  class space    used 9661K, committed 9984K, reserved 1048576K
}
Event: 8.892 GC heap before
{Heap before GC invocations=20 (full 0):
 garbage-first heap   total 66560K, used 58562K [0x0000000085800000, 0x0000000100000000)
  region size 1024K, 25 young (25600K), 3 survivors (3072K)
 Metaspace       used 67086K, committed 67840K, reserved 1114112K
  class space    used 9661K, committed 9984K, reserved 1048576K
}
Event: 8.896 GC heap after
{Heap after GC invocations=21 (full 0):
 garbage-first heap   total 66560K, used 36484K [0x0000000085800000, 0x0000000100000000)
  region size 1024K, 1 young (1024K), 1 survivors (1024K)
 Metaspace       used 67086K, committed 67840K, reserved 1114112K
  class space    used 9661K, committed 9984K, reserved 1048576K
}
Event: 9.184 GC heap before
{Heap before GC invocations=21 (full 0):
 garbage-first heap   total 66560K, used 60036K [0x0000000085800000, 0x0000000100000000)
  region size 1024K, 25 young (25600K), 1 survivors (1024K)
 Metaspace       used 68774K, committed 69504K, reserved 1114112K
  class space    used 10038K, committed 10368K, reserved 1048576K
}
Event: 9.264 GC heap after
{Heap after GC invocations=22 (full 0):
 garbage-first heap   total 84992K, used 43540K [0x0000000085800000, 0x0000000100000000)
  region size 1024K, 4 young (4096K), 4 survivors (4096K)
 Metaspace       used 68774K, committed 69504K, reserved 1114112K
  class space    used 10038K, committed 10368K, reserved 1048576K
}
Event: 9.351 GC heap before
{Heap before GC invocations=22 (full 0):
 garbage-first heap   total 84992K, used 73236K [0x0000000085800000, 0x0000000100000000)
  region size 1024K, 33 young (33792K), 4 survivors (4096K)
 Metaspace       used 68778K, committed 69568K, reserved 1114112K
  class space    used 10038K, committed 10368K, reserved 1048576K
}
Event: 9.360 GC heap after
{Heap after GC invocations=23 (full 0):
 garbage-first heap   total 84992K, used 49801K [0x0000000085800000, 0x0000000100000000)
  region size 1024K, 5 young (5120K), 5 survivors (5120K)
 Metaspace       used 68778K, committed 69568K, reserved 1114112K
  class space    used 10038K, committed 10368K, reserved 1048576K
}
Event: 9.409 GC heap before
{Heap before GC invocations=23 (full 0):
 garbage-first heap   total 84992K, used 73353K [0x0000000085800000, 0x0000000100000000)
  region size 1024K, 28 young (28672K), 5 survivors (5120K)
 Metaspace       used 68779K, committed 69568K, reserved 1114112K
  class space    used 10038K, committed 10368K, reserved 1048576K
}
Event: 9.418 GC heap after
{Heap after GC invocations=24 (full 0):
 garbage-first heap   total 84992K, used 56085K [0x0000000085800000, 0x0000000100000000)
  region size 1024K, 4 young (4096K), 4 survivors (4096K)
 Metaspace       used 68779K, committed 69568K, reserved 1114112K
  class space    used 10038K, committed 10368K, reserved 1048576K
}
Event: 9.459 GC heap before
{Heap before GC invocations=24 (full 0):
 garbage-first heap   total 84992K, used 74517K [0x0000000085800000, 0x0000000100000000)
  region size 1024K, 22 young (22528K), 4 survivors (4096K)
 Metaspace       used 68780K, committed 69568K, reserved 1114112K
  class space    used 10038K, committed 10368K, reserved 1048576K
}
Event: 9.464 GC heap after
{Heap after GC invocations=25 (full 0):
 garbage-first heap   total 84992K, used 57622K [0x0000000085800000, 0x0000000100000000)
  region size 1024K, 2 young (2048K), 2 survivors (2048K)
 Metaspace       used 68780K, committed 69568K, reserved 1114112K
  class space    used 10038K, committed 10368K, reserved 1048576K
}
Event: 9.622 GC heap before
{Heap before GC invocations=26 (full 0):
 garbage-first heap   total 92160K, used 69910K [0x0000000085800000, 0x0000000100000000)
  region size 1024K, 19 young (19456K), 2 survivors (2048K)
 Metaspace       used 69593K, committed 70336K, reserved 1114112K
  class space    used 10169K, committed 10496K, reserved 1048576K
}
Event: 9.623 GC heap after
{Heap after GC invocations=27 (full 0):
 garbage-first heap   total 92160K, used 52807K [0x0000000085800000, 0x0000000100000000)
  region size 1024K, 1 young (1024K), 1 survivors (1024K)
 Metaspace       used 69593K, committed 70336K, reserved 1114112K
  class space    used 10169K, committed 10496K, reserved 1048576K
}
Event: 9.757 GC heap before
{Heap before GC invocations=27 (full 0):
 garbage-first heap   total 92160K, used 79431K [0x0000000085800000, 0x0000000100000000)
  region size 1024K, 27 young (27648K), 1 survivors (1024K)
 Metaspace       used 70309K, committed 71040K, reserved 1114112K
  class space    used 10256K, committed 10560K, reserved 1048576K
}

Dll operation events (11 events):
Event: 0.010 Loaded shared library E:\sts-4.28.1.RELEASE\plugins\org.eclipse.justj.openjdk.hotspot.jre.full.win32.x86_64_21.0.6.v20250130-0529\jre\bin\java.dll
Event: 0.274 Loaded shared library E:\sts-4.28.1.RELEASE\plugins\org.eclipse.justj.openjdk.hotspot.jre.full.win32.x86_64_21.0.6.v20250130-0529\jre\bin\zip.dll
Event: 0.402 Loaded shared library E:\sts-4.28.1.RELEASE\plugins\org.eclipse.justj.openjdk.hotspot.jre.full.win32.x86_64_21.0.6.v20250130-0529\jre\bin\jimage.dll
Event: 0.407 Loaded shared library E:\sts-4.28.1.RELEASE\plugins\org.eclipse.justj.openjdk.hotspot.jre.full.win32.x86_64_21.0.6.v20250130-0529\jre\bin\net.dll
Event: 0.409 Loaded shared library E:\sts-4.28.1.RELEASE\plugins\org.eclipse.justj.openjdk.hotspot.jre.full.win32.x86_64_21.0.6.v20250130-0529\jre\bin\nio.dll
Event: 0.411 Loaded shared library E:\sts-4.28.1.RELEASE\plugins\org.eclipse.justj.openjdk.hotspot.jre.full.win32.x86_64_21.0.6.v20250130-0529\jre\bin\zip.dll
Event: 0.499 Loaded shared library E:\sts-4.28.1.RELEASE\plugins\org.eclipse.justj.openjdk.hotspot.jre.full.win32.x86_64_21.0.6.v20250130-0529\jre\bin\management.dll
Event: 0.517 Loaded shared library E:\sts-4.28.1.RELEASE\plugins\org.eclipse.justj.openjdk.hotspot.jre.full.win32.x86_64_21.0.6.v20250130-0529\jre\bin\management_ext.dll
Event: 0.796 Loaded shared library E:\sts-4.28.1.RELEASE\plugins\org.eclipse.justj.openjdk.hotspot.jre.full.win32.x86_64_21.0.6.v20250130-0529\jre\bin\extnet.dll
Event: 2.384 Loaded shared library E:\sts-4.28.1.RELEASE\plugins\org.eclipse.justj.openjdk.hotspot.jre.full.win32.x86_64_21.0.6.v20250130-0529\jre\bin\sunmscapi.dll
Event: 4.923 Loaded shared library E:\sts-4.28.1.RELEASE\plugins\org.eclipse.justj.openjdk.hotspot.jre.full.win32.x86_64_21.0.6.v20250130-0529\jre\bin\verify.dll

Deoptimization events (4 events):
Event: 6.893 Thread 0x00000225f2ecb1b0 DEOPT PACKING pc=0x00000225eb5c405c sp=0x0000007bb88f8d90
Event: 6.893 Thread 0x00000225f2ecb1b0 DEOPT UNPACKING pc=0x00000225eaab88e2 sp=0x0000007bb88f8228 mode 0
Event: 7.544 Thread 0x00000225f2ecb1b0 DEOPT PACKING pc=0x00000225eb130ba4 sp=0x0000007bb88f9160
Event: 7.544 Thread 0x00000225f2ecb1b0 DEOPT UNPACKING pc=0x00000225eaab88e2 sp=0x0000007bb88f86d8 mode 0

Classes loaded (20 events):
Event: 8.333 Loading class java/util/regex/Pattern$Bound
Event: 8.333 Loading class java/util/regex/Pattern$Bound done
Event: 8.333 Loading class java/util/regex/Pattern$SliceI
Event: 8.333 Loading class java/util/regex/Pattern$SliceI done
Event: 8.334 Loading class java/util/regex/Pattern$LookBehindEndNode
Event: 8.334 Loading class java/util/regex/Pattern$LookBehindEndNode done
Event: 8.334 Loading class java/util/regex/Pattern$NotBehind
Event: 8.334 Loading class java/util/regex/Pattern$NotBehind done
Event: 8.334 Loading class java/util/regex/Pattern$Behind
Event: 8.334 Loading class java/util/regex/Pattern$Behind done
Event: 8.391 Loading class java/util/stream/SortedOps$SizedRefSortingSink
Event: 8.391 Loading class java/util/stream/SortedOps$SizedRefSortingSink done
Event: 8.402 Loading class javax/net/ssl/SSLException
Event: 8.403 Loading class javax/net/ssl/SSLException done
Event: 8.414 Loading class java/nio/channels/CompletionHandler
Event: 8.414 Loading class java/nio/channels/CompletionHandler done
Event: 8.523 Loading class java/util/EmptyStackException
Event: 8.523 Loading class java/util/EmptyStackException done
Event: 8.653 Loading class java/io/InvalidClassException
Event: 8.653 Loading class java/io/InvalidClassException done

Classes unloaded (0 events):
No events

Classes redefined (0 events):
No events

Internal exceptions (20 events):
Event: 7.336 Thread 0x00000225f2ecb1b0 Exception <a 'java/lang/NoSuchMethodError'{0x00000000883adcc0}: 'java.lang.Object java.lang.invoke.DirectMethodHandle$Holder.newInvokeSpecial(java.lang.Object, java.lang.Object, int)'> (0x00000000883adcc0) 
thrown [s\src\hotspot\share\interpreter\linkResolver.cpp, line 773]
Event: 7.382 Thread 0x00000225f2ecb1b0 Exception <a 'java/lang/NoSuchMethodError'{0x0000000088104fa0}: 'int java.lang.invoke.DirectMethodHandle$Holder.invokeStatic(java.lang.Object, int, java.lang.Object)'> (0x0000000088104fa0) 
thrown [s\src\hotspot\share\interpreter\linkResolver.cpp, line 773]
Event: 7.384 Thread 0x00000225f2ecb1b0 Exception <a 'java/lang/NoSuchMethodError'{0x0000000088123af0}: 'java.lang.Object java.lang.invoke.DirectMethodHandle$Holder.newInvokeSpecial(java.lang.Object, java.lang.Object, java.lang.Object, java.lang.Object, java.lang.Object, int, java.lang.Object)'> (0x0000000088123af0) 
thrown [s\src\hotspot\share\interpreter\linkResolver.cpp, line 773]
Event: 7.388 Thread 0x00000225f2ecb1b0 Exception <a 'java/lang/NoSuchMethodError'{0x0000000088156b08}: 'java.lang.Object java.lang.invoke.Invokers$Holder.linkToTargetMethod(java.lang.Object, java.lang.Object, java.lang.Object, java.lang.Object, java.lang.Object, java.lang.Object, java.lang.Object, java.lang.Object, java.lang.Object, java.lang.Object, java.lang.Object, java.lang.Object)'> (0x0000000088156b08) 
thrown [s\src\hotspot\share\interpreter\linkResolver.cpp, line 773]
Event: 7.412 Thread 0x00000225f2ecb1b0 Exception <a 'java/lang/IncompatibleClassChangeError'{0x0000000088022288}: Found class java.lang.Object, but interface was expected> (0x0000000088022288) 
thrown [s\src\hotspot\share\interpreter\linkResolver.cpp, line 840]
Event: 7.431 Thread 0x00000225f2ecb1b0 Exception <a 'java/lang/IncompatibleClassChangeError'{0x0000000087f04730}: Found class java.lang.Object, but interface was expected> (0x0000000087f04730) 
thrown [s\src\hotspot\share\interpreter\linkResolver.cpp, line 840]
Event: 7.446 Thread 0x00000225f2ecb1b0 Exception <a 'java/lang/NoSuchMethodError'{0x0000000087fa28e0}: 'java.lang.Object java.lang.invoke.DirectMethodHandle$Holder.newInvokeSpecial(java.lang.Object, java.lang.Object, int, java.lang.Object, int, java.lang.Object, java.lang.Object)'> (0x0000000087fa28e0) 
thrown [s\src\hotspot\share\interpreter\linkResolver.cpp, line 773]
Event: 7.471 Thread 0x00000225f2ecb1b0 Exception <a 'java/lang/NoSuchMethodError'{0x000000008d35b628}: 'java.lang.Object java.lang.invoke.DirectMethodHandle$Holder.newInvokeSpecial(java.lang.Object, java.lang.Object, java.lang.Object, java.lang.Object, java.lang.Object, java.lang.Object, java.lang.Object, int)'> (0x000000008d35b628) 
thrown [s\src\hotspot\share\interpreter\linkResolver.cpp, line 773]
Event: 7.472 Thread 0x00000225f2ecb1b0 Exception <a 'java/lang/NoSuchMethodError'{0x000000008d360488}: 'java.lang.Object java.lang.invoke.DirectMethodHandle$Holder.invokeSpecial(java.lang.Object, java.lang.Object, java.lang.Object, java.lang.Object, java.lang.Object, java.lang.Object, java.lang.Object, java.lang.Object, int)'> (0x000000008d360488) 
thrown [s\src\hotspot\share\interpreter\linkResolver.cpp, line 773]
Event: 7.472 Thread 0x00000225f2ecb1b0 Exception <a 'java/lang/NoSuchMethodError'{0x000000008d364cd0}: 'java.lang.Object java.lang.invoke.Invokers$Holder.linkToTargetMethod(java.lang.Object, java.lang.Object, java.lang.Object, java.lang.Object, java.lang.Object, java.lang.Object, int, java.lang.Object)'> (0x000000008d364cd0) 
thrown [s\src\hotspot\share\interpreter\linkResolver.cpp, line 773]
Event: 7.868 Thread 0x00000225f2ecb1b0 Exception <a 'java/lang/NoSuchMethodError'{0x0000000089f3e928}: 'java.lang.Object java.lang.invoke.DirectMethodHandle$Holder.invokeSpecial(java.lang.Object, java.lang.Object, int, java.lang.Object, int)'> (0x0000000089f3e928) 
thrown [s\src\hotspot\share\interpreter\linkResolver.cpp, line 773]
Event: 7.991 Thread 0x00000225f2ecb1b0 Exception <a 'java/lang/IncompatibleClassChangeError'{0x0000000088cfe4c0}: Found class java.lang.Object, but interface was expected> (0x0000000088cfe4c0) 
thrown [s\src\hotspot\share\interpreter\linkResolver.cpp, line 840]
Event: 8.031 Thread 0x00000225f2ecb1b0 Exception <a 'java/lang/IncompatibleClassChangeError'{0x0000000088913960}: Found class java.lang.Object, but interface was expected> (0x0000000088913960) 
thrown [s\src\hotspot\share\interpreter\linkResolver.cpp, line 840]
Event: 8.164 Thread 0x00000225f2ecb1b0 Exception <a 'java/lang/IncompatibleClassChangeError'{0x0000000088397a70}: Found class java.lang.Object, but interface was expected> (0x0000000088397a70) 
thrown [s\src\hotspot\share\interpreter\linkResolver.cpp, line 840]
Event: 8.297 Thread 0x00000225f2ecb1b0 Exception <a 'java/lang/IncompatibleClassChangeError'{0x0000000087da7608}: Found class java.lang.Object, but interface was expected> (0x0000000087da7608) 
thrown [s\src\hotspot\share\interpreter\linkResolver.cpp, line 840]
Event: 8.298 Thread 0x00000225f2ecb1b0 Exception <a 'java/lang/IncompatibleClassChangeError'{0x0000000087dad240}: Found class java.lang.Object, but interface was expected> (0x0000000087dad240) 
thrown [s\src\hotspot\share\interpreter\linkResolver.cpp, line 840]
Event: 8.414 Thread 0x00000225f2ecb1b0 Exception <a 'java/lang/NoSuchMethodError'{0x000000008a019938}: 'long java.lang.invoke.DirectMethodHandle$Holder.invokeVirtual(java.lang.Object, java.lang.Object)'> (0x000000008a019938) 
thrown [s\src\hotspot\share\interpreter\linkResolver.cpp, line 773]
Event: 8.430 Thread 0x00000225f2ecb1b0 Exception <a 'java/io/FileNotFoundException'{0x000000008a0451b8}> (0x000000008a0451b8) 
thrown [s\src\hotspot\share\prims\jni.cpp, line 520]
Event: 8.455 Thread 0x00000225f2ecb1b0 Exception <a 'java/lang/NoSuchMethodError'{0x0000000089f7b9a0}: 'void java.lang.invoke.DirectMethodHandle$Holder.invokeVirtual(java.lang.Object, java.lang.Object, long)'> (0x0000000089f7b9a0) 
thrown [s\src\hotspot\share\interpreter\linkResolver.cpp, line 773]
Event: 8.469 Thread 0x00000225f2ecb1b0 Exception <a 'java/lang/NoSuchMethodError'{0x0000000089ea4b68}: 'void java.lang.invoke.Invokers$Holder.invokeExact_MT(java.lang.Object, java.lang.Object, java.lang.Object, java.lang.Object)'> (0x0000000089ea4b68) 
thrown [s\src\hotspot\share\interpreter\linkResolver.cpp, line 773]

ZGC Phase Switch (0 events):
No events

VM Operations (20 events):
Event: 8.885 Executing VM operation: G1PauseCleanup done
Event: 8.892 Executing VM operation: G1CollectForAllocation (G1 Evacuation Pause)
Event: 8.896 Executing VM operation: G1CollectForAllocation (G1 Evacuation Pause) done
Event: 9.184 Executing VM operation: G1CollectForAllocation (G1 Evacuation Pause)
Event: 9.264 Executing VM operation: G1CollectForAllocation (G1 Evacuation Pause) done
Event: 9.351 Executing VM operation: G1CollectForAllocation (G1 Evacuation Pause)
Event: 9.360 Executing VM operation: G1CollectForAllocation (G1 Evacuation Pause) done
Event: 9.409 Executing VM operation: G1CollectForAllocation (G1 Evacuation Pause)
Event: 9.418 Executing VM operation: G1CollectForAllocation (G1 Evacuation Pause) done
Event: 9.459 Executing VM operation: G1CollectForAllocation (G1 Evacuation Pause)
Event: 9.464 Executing VM operation: G1CollectForAllocation (G1 Evacuation Pause) done
Event: 9.530 Executing VM operation: G1PauseRemark
Event: 9.558 Executing VM operation: G1PauseRemark done
Event: 9.593 Executing VM operation: G1PauseCleanup
Event: 9.593 Executing VM operation: G1PauseCleanup done
Event: 9.595 Executing VM operation: HandshakeAllThreads (Deoptimize)
Event: 9.595 Executing VM operation: HandshakeAllThreads (Deoptimize) done
Event: 9.622 Executing VM operation: G1CollectForAllocation (G1 Evacuation Pause)
Event: 9.623 Executing VM operation: G1CollectForAllocation (G1 Evacuation Pause) done
Event: 9.757 Executing VM operation: G1CollectForAllocation (G1 Evacuation Pause)

Memory protections (0 events):
No events

Nmethod flushes (20 events):
Event: 8.860 Thread 0x00000225f234cf70 flushing  nmethod 0x00000225eb047010
Event: 8.860 Thread 0x00000225f234cf70 flushing  nmethod 0x00000225eb047390
Event: 8.860 Thread 0x00000225f234cf70 flushing  nmethod 0x00000225eb04a110
Event: 8.860 Thread 0x00000225f234cf70 flushing  nmethod 0x00000225eb5a4e10
Event: 8.860 Thread 0x00000225f234cf70 flushing  nmethod 0x00000225eb613d10
Event: 8.860 Thread 0x00000225f234cf70 flushing  nmethod 0x00000225eb614010
Event: 8.860 Thread 0x00000225f234cf70 flushing  nmethod 0x00000225eb6b4410
Event: 9.549 Thread 0x00000225f234cf70 flushing  nmethod 0x00000225eaf9b110
Event: 9.549 Thread 0x00000225f234cf70 flushing  nmethod 0x00000225eb1e2f90
Event: 9.549 Thread 0x00000225f234cf70 flushing  nmethod 0x00000225eb26a710
Event: 9.549 Thread 0x00000225f234cf70 flushing  nmethod 0x00000225eb7ae110
Event: 9.549 Thread 0x00000225f234cf70 flushing  nmethod 0x00000225eb12f610
Event: 9.549 Thread 0x00000225f234cf70 flushing  nmethod 0x00000225eb3bd290
Event: 9.549 Thread 0x00000225f234cf70 flushing  nmethod 0x00000225eb7b9210
Event: 9.549 Thread 0x00000225f234cf70 flushing  nmethod 0x00000225eb7cb690
Event: 9.549 Thread 0x00000225f234cf70 flushing  nmethod 0x00000225eb7cbe90
Event: 9.549 Thread 0x00000225f234cf70 flushing  nmethod 0x00000225eb7ddf90
Event: 9.549 Thread 0x00000225f234cf70 flushing  nmethod 0x00000225eb2c5d90
Event: 9.549 Thread 0x00000225f234cf70 flushing  nmethod 0x00000225eb4d9510
Event: 9.549 Thread 0x00000225f234cf70 flushing  nmethod 0x00000225eb7d8a90

Events (20 events):
Event: 0.642 Thread 0x00000225f2461230 Thread added: 0x00000225f29b9e90
Event: 0.799 Thread 0x00000225e70db810 Thread added: 0x00000225f2b09b00
Event: 0.813 Thread 0x00000225e70db810 Thread added: 0x00000225f2b127c0
Event: 0.860 Thread 0x00000225e70db810 Thread added: 0x00000225f2b24540
Event: 1.204 Thread 0x00000225e70db810 Thread added: 0x00000225f2ea9870
Event: 1.206 Thread 0x00000225f2ea9870 Thread added: 0x00000225f2ecb1b0
Event: 1.273 Thread 0x00000225f2b127c0 Thread added: 0x00000225f2f6a930
Event: 1.292 Thread 0x00000225f2f6a930 Thread added: 0x00000225f2f7f190
Event: 1.304 Thread 0x00000225f2b09b00 Thread added: 0x00000225f2f41350
Event: 1.316 Thread 0x00000225f2f41350 Thread added: 0x00000225f2fc5f10
Event: 1.625 Thread 0x00000225f2ecb1b0 Thread added: 0x00000225f2fc72c0
Event: 2.261 Thread 0x00000225f2ecb1b0 Thread added: 0x00000225f2fc7950
Event: 2.336 Thread 0x00000225f2fc7950 Thread exited: 0x00000225f2fc7950
Event: 2.393 Thread 0x00000225f2fc72c0 Thread exited: 0x00000225f2fc72c0
Event: 4.325 Thread 0x00000225f2ecb1b0 Thread added: 0x00000225f2fc72c0
Event: 5.432 Thread 0x00000225f2ecb1b0 Thread added: 0x00000225f2fc4b60
Event: 5.539 Thread 0x00000225f2fc4b60 Thread added: 0x00000225f2fc65a0
Event: 8.438 Thread 0x00000225f2ecb1b0 Thread added: 0x00000225f2fc44d0
Event: 8.440 Thread 0x00000225f2ecb1b0 Thread added: 0x00000225f2fc5880
Event: 8.443 Thread 0x00000225f2ecb1b0 Thread added: 0x00000225f2fc51f0


Dynamic libraries:
0x00007ff7a2720000 - 0x00007ff7a272e000 	E:\sts-4.28.1.RELEASE\plugins\org.eclipse.justj.openjdk.hotspot.jre.full.win32.x86_64_21.0.6.v20250130-0529\jre\bin\javaw.exe
0x00007ffa768f0000 - 0x00007ffa76b07000 	C:\windows\SYSTEM32\ntdll.dll
0x00007ffa765a0000 - 0x00007ffa76664000 	C:\windows\System32\KERNEL32.DLL
0x00007ffa74060000 - 0x00007ffa74432000 	C:\windows\System32\KERNELBASE.dll
0x00007ffa73e40000 - 0x00007ffa73f51000 	C:\windows\System32\ucrtbase.dll
0x00007ffa4f1c0000 - 0x00007ffa4f1d8000 	E:\sts-4.28.1.RELEASE\plugins\org.eclipse.justj.openjdk.hotspot.jre.full.win32.x86_64_21.0.6.v20250130-0529\jre\bin\jli.dll
0x00007ffa76040000 - 0x00007ffa761f1000 	C:\windows\System32\USER32.dll
0x00007ffa73de0000 - 0x00007ffa73e06000 	C:\windows\System32\win32u.dll
0x00007ffa76770000 - 0x00007ffa76799000 	C:\windows\System32\GDI32.dll
0x00007ffa73cb0000 - 0x00007ffa73dd3000 	C:\windows\System32\gdi32full.dll
0x00007ffa73b50000 - 0x00007ffa73bea000 	C:\windows\System32\msvcp_win.dll
0x00007ffa3d240000 - 0x00007ffa3d25e000 	E:\sts-4.28.1.RELEASE\plugins\org.eclipse.justj.openjdk.hotspot.jre.full.win32.x86_64_21.0.6.v20250130-0529\jre\bin\VCRUNTIME140.dll
0x00007ffa56b20000 - 0x00007ffa56dbb000 	C:\windows\WinSxS\amd64_microsoft.windows.common-controls_6595b64144ccf1df_6.0.22621.5547_none_27104afb73855772\COMCTL32.dll
0x00007ffa74bb0000 - 0x00007ffa74c57000 	C:\windows\System32\msvcrt.dll
0x00007ffa74ff0000 - 0x00007ffa75021000 	C:\windows\System32\IMM32.DLL
0x00007ffa3e810000 - 0x00007ffa3e81c000 	E:\sts-4.28.1.RELEASE\plugins\org.eclipse.justj.openjdk.hotspot.jre.full.win32.x86_64_21.0.6.v20250130-0529\jre\bin\vcruntime140_1.dll
0x00007ffa1e440000 - 0x00007ffa1e4cd000 	E:\sts-4.28.1.RELEASE\plugins\org.eclipse.justj.openjdk.hotspot.jre.full.win32.x86_64_21.0.6.v20250130-0529\jre\bin\msvcp140.dll
0x00007ffa0b6f0000 - 0x00007ffa0c480000 	E:\sts-4.28.1.RELEASE\plugins\org.eclipse.justj.openjdk.hotspot.jre.full.win32.x86_64_21.0.6.v20250130-0529\jre\bin\server\jvm.dll
0x00007ffa756d0000 - 0x00007ffa75781000 	C:\windows\System32\ADVAPI32.dll
0x00007ffa74d10000 - 0x00007ffa74db8000 	C:\windows\System32\sechost.dll
0x00007ffa73e10000 - 0x00007ffa73e38000 	C:\windows\System32\bcrypt.dll
0x00007ffa75110000 - 0x00007ffa75224000 	C:\windows\System32\RPCRT4.dll
0x00007ffa74760000 - 0x00007ffa747d1000 	C:\windows\System32\WS2_32.dll
0x00007ffa73800000 - 0x00007ffa7384d000 	C:\windows\SYSTEM32\POWRPROF.dll
0x00007ffa67960000 - 0x00007ffa67994000 	C:\windows\SYSTEM32\WINMM.dll
0x00007ffa6f440000 - 0x00007ffa6f44a000 	C:\windows\SYSTEM32\VERSION.dll
0x00007ffa737e0000 - 0x00007ffa737f3000 	C:\windows\SYSTEM32\UMPDC.dll
0x00007ffa729d0000 - 0x00007ffa729e8000 	C:\windows\SYSTEM32\kernel.appcore.dll
0x00007ffa51000000 - 0x00007ffa5100a000 	E:\sts-4.28.1.RELEASE\plugins\org.eclipse.justj.openjdk.hotspot.jre.full.win32.x86_64_21.0.6.v20250130-0529\jre\bin\jimage.dll
0x00007ffa71070000 - 0x00007ffa712a3000 	C:\windows\SYSTEM32\DBGHELP.DLL
0x00007ffa76200000 - 0x00007ffa76593000 	C:\windows\System32\combase.dll
0x00007ffa75030000 - 0x00007ffa75107000 	C:\windows\System32\OLEAUT32.dll
0x00007ffa4d0d0000 - 0x00007ffa4d102000 	C:\windows\SYSTEM32\dbgcore.DLL
0x00007ffa73fe0000 - 0x00007ffa7405b000 	C:\windows\System32\bcryptPrimitives.dll
0x00007ffa45420000 - 0x00007ffa4543f000 	E:\sts-4.28.1.RELEASE\plugins\org.eclipse.justj.openjdk.hotspot.jre.full.win32.x86_64_21.0.6.v20250130-0529\jre\bin\java.dll
0x00007ffa75790000 - 0x00007ffa76032000 	C:\windows\System32\SHELL32.dll
0x00007ffa74440000 - 0x00007ffa7457f000 	C:\windows\System32\wintypes.dll
0x00007ffa718c0000 - 0x00007ffa721dd000 	C:\windows\SYSTEM32\windows.storage.dll
0x00007ffa74a80000 - 0x00007ffa74b8c000 	C:\windows\System32\SHCORE.dll
0x00007ffa76670000 - 0x00007ffa766d9000 	C:\windows\System32\shlwapi.dll
0x00007ffa73910000 - 0x00007ffa7393b000 	C:\windows\SYSTEM32\profapi.dll
0x00007ffa3df30000 - 0x00007ffa3df48000 	E:\sts-4.28.1.RELEASE\plugins\org.eclipse.justj.openjdk.hotspot.jre.full.win32.x86_64_21.0.6.v20250130-0529\jre\bin\zip.dll
0x00007ffa4f6d0000 - 0x00007ffa4f6e0000 	E:\sts-4.28.1.RELEASE\plugins\org.eclipse.justj.openjdk.hotspot.jre.full.win32.x86_64_21.0.6.v20250130-0529\jre\bin\net.dll
0x00007ffa6d6a0000 - 0x00007ffa6d7cc000 	C:\windows\SYSTEM32\WINHTTP.dll
0x00007ffa72e50000 - 0x00007ffa72eb9000 	C:\windows\system32\mswsock.dll
0x00007ffa56750000 - 0x00007ffa56766000 	E:\sts-4.28.1.RELEASE\plugins\org.eclipse.justj.openjdk.hotspot.jre.full.win32.x86_64_21.0.6.v20250130-0529\jre\bin\nio.dll
0x00007ffa3e520000 - 0x00007ffa3e52a000 	E:\sts-4.28.1.RELEASE\plugins\org.eclipse.justj.openjdk.hotspot.jre.full.win32.x86_64_21.0.6.v20250130-0529\jre\bin\management.dll
0x00007ffa3e0b0000 - 0x00007ffa3e0bb000 	E:\sts-4.28.1.RELEASE\plugins\org.eclipse.justj.openjdk.hotspot.jre.full.win32.x86_64_21.0.6.v20250130-0529\jre\bin\management_ext.dll
0x00007ffa74ba0000 - 0x00007ffa74ba8000 	C:\windows\System32\PSAPI.DLL
0x00007ffa4a860000 - 0x00007ffa4a877000 	C:\windows\system32\napinsp.dll
0x00007ffa4a840000 - 0x00007ffa4a85b000 	C:\windows\system32\pnrpnsp.dll
0x00007ffa724b0000 - 0x00007ffa725a8000 	C:\windows\SYSTEM32\DNSAPI.dll
0x00007ffa72480000 - 0x00007ffa724ad000 	C:\windows\SYSTEM32\IPHLPAPI.DLL
0x00007ffa74b90000 - 0x00007ffa74b99000 	C:\windows\System32\NSI.dll
0x00007ffa4d0b0000 - 0x00007ffa4d0c1000 	C:\windows\System32\winrnr.dll
0x00007ffa676a0000 - 0x00007ffa676bf000 	C:\windows\system32\wshbth.dll
0x00007ffa4a810000 - 0x00007ffa4a831000 	C:\windows\system32\nlansp_c.dll
0x00007ffa67360000 - 0x00007ffa6736a000 	C:\Windows\System32\rasadhlp.dll
0x00007ffa64d70000 - 0x00007ffa64df4000 	C:\windows\System32\fwpuclnt.dll
0x00007ffa73070000 - 0x00007ffa7308b000 	C:\windows\SYSTEM32\CRYPTSP.dll
0x00007ffa72930000 - 0x00007ffa72967000 	C:\windows\system32\rsaenh.dll
0x00007ffa72f10000 - 0x00007ffa72f38000 	C:\windows\SYSTEM32\USERENV.dll
0x00007ffa73090000 - 0x00007ffa7309c000 	C:\windows\SYSTEM32\CRYPTBASE.dll
0x00007ffa4ae60000 - 0x00007ffa4ae69000 	E:\sts-4.28.1.RELEASE\plugins\org.eclipse.justj.openjdk.hotspot.jre.full.win32.x86_64_21.0.6.v20250130-0529\jre\bin\extnet.dll
0x00007ffa4d0a0000 - 0x00007ffa4d0ae000 	E:\sts-4.28.1.RELEASE\plugins\org.eclipse.justj.openjdk.hotspot.jre.full.win32.x86_64_21.0.6.v20250130-0529\jre\bin\sunmscapi.dll
0x00007ffa739e0000 - 0x00007ffa73b47000 	C:\windows\System32\CRYPT32.dll
0x00007ffa732a0000 - 0x00007ffa732cd000 	C:\windows\SYSTEM32\ncrypt.dll
0x00007ffa73260000 - 0x00007ffa73297000 	C:\windows\SYSTEM32\NTASN1.dll
0x00007ffa6d010000 - 0x00007ffa6d020000 	E:\sts-4.28.1.RELEASE\plugins\org.eclipse.justj.openjdk.hotspot.jre.full.win32.x86_64_21.0.6.v20250130-0529\jre\bin\verify.dll

dbghelp: loaded successfully - version: 4.0.5 - missing functions: none
symbol engine: initialized successfully - sym options: 0x614 - pdb path: .;E:\sts-4.28.1.RELEASE\plugins\org.eclipse.justj.openjdk.hotspot.jre.full.win32.x86_64_21.0.6.v20250130-0529\jre\bin;C:\windows\SYSTEM32;C:\windows\WinSxS\amd64_microsoft.windows.common-controls_6595b64144ccf1df_6.0.22621.5547_none_27104afb73855772;E:\sts-4.28.1.RELEASE\plugins\org.eclipse.justj.openjdk.hotspot.jre.full.win32.x86_64_21.0.6.v20250130-0529\jre\bin\server

VM Arguments:
jvm_args: -Dcom.sun.management.jmxremote -Dcom.sun.management.jmxremote.port=52239 -Dcom.sun.management.jmxremote.authenticate=false -Dcom.sun.management.jmxremote.ssl=false -Djava.rmi.server.hostname=localhost -Dspring.jmx.enabled=true -Dmanagement.endpoints.jmx.exposure.include=* -Dspring.application.admin.enabled=true -Dspring.output.ansi.enabled=always -XX:TieredStopAtLevel=1 -Dspring.boot.project.name=bk -Dfile.encoding=UTF-8 -Dstdout.encoding=UTF-8 -Dstderr.encoding=UTF-8 -XX:+ShowCodeDetailsInExceptionMessages 
java_command: com.example.demo.BkApplication
java_class_path (initial): C:\Users\ramya\OneDrive\Desktop\updated backend\bk\target\classes;C:\Users\ramya\.m2\repository\org\springframework\boot\spring-boot-starter-data-jpa\3.5.4\spring-boot-starter-data-jpa-3.5.4.jar;C:\Users\ramya\.m2\repository\org\springframework\boot\spring-boot-starter\3.5.4\spring-boot-starter-3.5.4.jar;C:\Users\ramya\.m2\repository\org\springframework\boot\spring-boot-starter-logging\3.5.4\spring-boot-starter-logging-3.5.4.jar;C:\Users\ramya\.m2\repository\ch\qos\logback\logback-classic\1.5.18\logback-classic-1.5.18.jar;C:\Users\ramya\.m2\repository\ch\qos\logback\logback-core\1.5.18\logback-core-1.5.18.jar;C:\Users\ramya\.m2\repository\org\apache\logging\log4j\log4j-to-slf4j\2.24.3\log4j-to-slf4j-2.24.3.jar;C:\Users\ramya\.m2\repository\org\slf4j\jul-to-slf4j\2.0.17\jul-to-slf4j-2.0.17.jar;C:\Users\ramya\.m2\repository\jakarta\annotation\jakarta.annotation-api\2.1.1\jakarta.annotation-api-2.1.1.jar;C:\Users\ramya\.m2\repository\org\yaml\snakeyaml\2.4\snakeyaml-2.4.jar;C:\Users\ramya\.m2\repository\org\springframework\boot\spring-boot-starter-jdbc\3.5.4\spring-boot-starter-jdbc-3.5.4.jar;C:\Users\ramya\.m2\repository\com\zaxxer\HikariCP\6.3.1\HikariCP-6.3.1.jar;C:\Users\ramya\.m2\repository\org\springframework\spring-jdbc\6.2.9\spring-jdbc-6.2.9.jar;C:\Users\ramya\.m2\repository\org\hibernate\orm\hibernate-core\6.6.22.Final\hibernate-core-6.6.22.Final.jar;C:\Users\ramya\.m2\repository\jakarta\persistence\jakarta.persistence-api\3.1.0\jakarta.persistence-api-3.1.0.jar;C:\Users\ramya\.m2\repository\jakarta\transaction\jakarta.transaction-api\2.0.1\jakarta.transaction-api-2.0.1.jar;C:\Users\ramya\.m2\repository\org\jboss\logging\jboss-logging\3.6.1.Final\jboss-logging-3.6.1.Final.jar;C:\Users\ramya\.m2\repository\org\hibernate\common\hibernate-commons-annotations\7.0.3.Final\hibernate-commons-annotations-7.0.3.Final.jar;C:\Users\ramya\.m2\repository\io\smallrye\jandex\3.2.0\jandex-3.2.0.jar;C:\Users\ramya\.m2\repository\com\fasterxml\classmate\1.7.0\classmate-1.7.0.jar;C:\Users\ramya\.m2\repository\net\bytebuddy\byte-buddy\1.17.6\byte-buddy-1.17.6.jar;C:\Users\ramya\.m2\repository\org\glassfish\jaxb\jaxb-runtime\4.0.5\jaxb-runtime-4.0.5.jar;C:\Users\ramya\.m2\repository\org\glassfish\jaxb\jaxb-core\4.0.5\jaxb-core-4.0.5.jar;C:\Users\ramya\.m2\repository\org\glassfish\jaxb\txw2\4.0.5\txw2-4.0.5.jar;C:\Users\ramya\.m2\repository\com\sun\istack\istack-commons-runtime\4.1.2\istack-commons-runtime-4.1.2.jar;C:\Users\ramya\.m2\repository\jakarta\inject\jakarta.inject-api\2.0.1\jakarta.inject-api-2.0.1.jar;C:\Users\ramya\.m2\repository\org\antlr\antlr4-runtime\4.13.0\antlr4-runtime-4.13.0.jar;C:\Users\ramya\.m2\repository\org\springframework\data\spring-data-jpa\3.5.2\spring-data-jpa-3.5.2.jar;C:\Users\ramya\.m2\repository\org\springframework\data\spring-data-commons\3.5.2\spring-data-commons-3.5.2.jar;C:\Users\ramya\.m2\repository\org\springframework\spring-orm\6.2.9\spring-orm-6.2.9.jar;C:\Users\ramya\.m2\repository\org\springframework\spring-context\6.2.9\spring-context-6.2.9.jar;C:\Users\ramya\.m2\repository\org\springframework\spring-tx\6.2.9\spring-tx-6.2.9.jar;C:\Users\ramya\.m2\repository\org\springframework\spring-beans\6.2.9\spring-beans-6.2.9.jar;C:\Users\ramya\.m2\repository\org\slf4j\slf4j-api\2.0.17\slf4j-api-2.0.17.jar;C:\Users\ramya\.m2\repository\org\springframework\spring-aspects\6.2.9\spring-aspects-6.2.9.jar;C:\Users\ramya\.m2\repository\org\aspectj\aspectjweaver\1.9.24\aspectjweaver-1.9.24.jar;C:\Users\ramya\.m2\repository\org\springframework\boot\spring-boot-starter-web\3.5.4\spring-boot-starter-web-3.5.4.jar;C:\Users\ramya\.m2\repository\org\springframework\boot\spring-boot-starter-json\3.5.4\spring-boot-starter-json-3.5.4.jar;C:\Users\ramya\.m2\repository\com\fasterxml\jackson\datatype\jackson-datatype-jdk8\2.19.2\jackson-datatype-jdk8-2.19.2.jar;C:\Users\ramya\.m2\repository\com\fasterxml\jackson\module\jackson-module-parameter-names\2.19.2\jackson-module-parameter-names-2.19.2.jar;C:\Users\ramya\.m2\repository\org\springframework\boot\spring-boot-starter-tomcat\3.5.4\spring-boot-starter-tomcat-3.5.4.jar;C:\Users\ramya\.m2\repository\org\apache\tomcat\embed\tomcat-embed-core\10.1.43\tomcat-embed-core-10.1.43.jar;C:\Users\ramya\.m2\repository\org\apache\tomcat\embed\tomcat-embed-websocket\10.1.43\tomcat-embed-websocket-10.1.43.jar;C:\Users\ramya\.m2\repository\org\springframework\spring-web\6.2.9\spring-web-6.2.9.jar;C:\Users\ramya\.m2\repository\io\micrometer\micrometer-observation\1.15.2\micrometer-observation-1.15.2.jar;C:\Users\ramya\.m2\repository\io\micrometer\micrometer-commons\1.15.2\micrometer-commons-1.15.2.jar;C:\Users\ramya\.m2\repository\org\springframework\spring-webmvc\6.2.9\spring-webmvc-6.2.9.jar;C:\Users\ramya\.m2\repository\org\springframework\spring-expression\6.2.9\spring-expression-6.2.9.jar;C:\Users\ramya\.m2\repository\org\apache\poi\poi-ooxml\5.2.3\poi-ooxml-5.2.3.jar;C:\Users\ramya\.m2\repository\org\apache\poi\poi-ooxml-lite\5.2.3\poi-ooxml-lite-5.2.3.jar;C:\Users\ramya\.m2\repository\org\apache\xmlbeans\xmlbeans\5.1.1\xmlbeans-5.1.1.jar;C:\Users\ramya\.m2\repository\org\apache\commons\commons-compress\1.21\commons-compress-1.21.jar;C:\Users\ramya\.m2\repository\commons-io\commons-io\2.11.0\commons-io-2.11.0.jar;C:\Users\ramya\.m2\repository\com\github\virtuald\curvesapi\1.07\curvesapi-1.07.jar;C:\Users\ramya\.m2\repository\org\apache\logging\log4j\log4j-api\2.24.3\log4j-api-2.24.3.jar;C:\Users\ramya\.m2\repository\org\apache\commons\commons-collections4\4.4\commons-collections4-4.4.jar;C:\Users\ramya\.m2\repository\org\springframework\boot\spring-boot-starter-validation\3.5.4\spring-boot-starter-validation-3.5.4.jar;C:\Users\ramya\.m2\repository\org\apache\tomcat\embed\tomcat-embed-el\10.1.43\tomcat-embed-el-10.1.43.jar;C:\Users\ramya\.m2\repository\org\hibernate\validator\hibernate-validator\8.0.2.Final\hibernate-validator-8.0.2.Final.jar;C:\Users\ramya\.m2\repository\jakarta\validation\jakarta.validation-api\3.0.2\jakarta.validation-api-3.0.2.jar;C:\Users\ramya\.m2\repository\org\apache\poi\poi\5.2.3\poi-5.2.3.jar;C:\Users\ramya\.m2\repository\commons-codec\commons-codec\1.18.0\commons-codec-1.18.0.jar;C:\Users\ramya\.m2\repository\org\apache\commons\commons-math3\3.6.1\commons-math3-3.6.1.jar;C:\Users\ramya\.m2\repository\com\zaxxer\SparseBitSet\1.2\SparseBitSet-1.2.jar;C:\Users\ramya\.m2\repository\io\jsonwebtoken\jjwt-api\0.11.5\jjwt-api-0.11.5.jar;C:\Users\ramya\.m2\repository\io\jsonwebtoken\jjwt-impl\0.11.5\jjwt-impl-0.11.5.jar;C:\Users\ramya\.m2\repository\org\springframework\boot\spring-boot-devtools\3.5.4\spring-boot-devtools-3.5.4.jar;C:\Users\ramya\.m2\repository\org\springframework\boot\spring-boot\3.5.4\spring-boot-3.5.4.jar;C:\Users\ramya\.m2\repository\org\springframework\boot\spring-boot-autoconfigure\3.5.4\spring-boot-autoconfigure-3.5.4.jar;C:\Users\ramya\.m2\repository\org\springframework\boot\spring-boot-starter-mail\3.5.4\spring-boot-starter-mail-3.5.4.jar;C:\Users\ramya\.m2\repository\org\springframework\spring-context-support\6.2.9\spring-context-support-6.2.9.jar;C:\Users\ramya\.m2\repository\org\eclipse\angus\jakarta.mail\2.0.3\jakarta.mail-2.0.3.jar;C:\Users\ramya\.m2\repository\jakarta\activation\jakarta.activation-api\2.1.3\jakarta.activation-api-2.1.3.jar;C:\Users\ramya\.m2\repository\org\eclipse\angus\angus-activation\2.0.2\angus-activation-2.0.2.jar;C:\Users\ramya\.m2\repository\io\jsonwebtoken\jjwt-jackson\0.11.5\jjwt-jackson-0.11.5.jar;C:\Users\ramya\.m2\repository\com\mysql\mysql-connector-j\9.3.0\mysql-connector-j-9.3.0.jar;C:\Users\ramya\.m2\repository\com\fasterxml\jackson\datatype\jackson-datatype-jsr310\2.19.2\jackson-datatype-jsr310-2.19.2.jar;C:\Users\ramya\.m2\repository\com\fasterxml\jackson\core\jackson-annotations\2.19.2\jackson-annotations-2.19.2.jar;C:\Users\ramya\.m2\repository\com\fasterxml\jackson\core\jackson-core\2.19.2\jackson-core-2.19.2.jar;C:\Users\ramya\.m2\repository\com\fasterxml\jackson\core\jackson-databind\2.19.2\jackson-databind-2.19.2.jar;C:\Users\ramya\.m2\repository\org\projectlombok\lombok\1.18.38\lombok-1.18.38.jar;C:\Users\ramya\.m2\repository\org\springframework\boot\spring-boot-starter-security\3.5.4\spring-boot-starter-security-3.5.4.jar;C:\Users\ramya\.m2\repository\org\springframework\spring-aop\6.2.9\spring-aop-6.2.9.jar;C:\Users\ramya\.m2\repository\org\springframework\security\spring-security-config\6.5.2\spring-security-config-6.5.2.jar;C:\Users\ramya\.m2\repository\org\springframework\security\spring-security-core\6.5.2\spring-security-core-6.5.2.jar;C:\Users\ramya\.m2\repository\org\springframework\security\spring-security-crypto\6.5.2\spring-security-crypto-6.5.2.jar;C:\Users\ramya\.m2\repository\org\springframework\security\spring-security-web\6.5.2\spring-security-web-6.5.2.jar;C:\Users\ramya\.m2\repository\jakarta\xml\bind\jakarta.xml.bind-api\4.0.2\jakarta.xml.bind-api-4.0.2.jar;C:\Users\ramya\.m2\repository\org\springframework\spring-core\6.2.9\spring-core-6.2.9.jar;C:\Users\ramya\.m2\repository\org\springframework\spring-jcl\6.2.9\spring-jcl-6.2.9.jar
Launcher Type: SUN_STANDARD

[Global flags]
     intx CICompilerCount                          = 3                                         {product} {ergonomic}
     uint ConcGCThreads                            = 1                                         {product} {ergonomic}
     uint G1ConcRefinementThreads                  = 4                                         {product} {ergonomic}
   size_t G1HeapRegionSize                         = 1048576                                   {product} {ergonomic}
    uintx GCDrainStackTargetSize                   = 64                                        {product} {ergonomic}
   size_t InitialHeapSize                          = 130023424                                 {product} {ergonomic}
     bool ManagementServer                         = true                                      {product} {command line}
   size_t MarkStackSize                            = 4194304                                   {product} {ergonomic}
   size_t MaxHeapSize                              = 2055208960                                {product} {ergonomic}
   size_t MaxNewSize                               = 1233125376                                {product} {ergonomic}
   size_t MinHeapDeltaBytes                        = 1048576                                   {product} {ergonomic}
   size_t MinHeapSize                              = 8388608                                   {product} {ergonomic}
    uintx NonNMethodCodeHeapSize                   = 4096                                   {pd product} {ergonomic}
    uintx NonProfiledCodeHeapSize                  = 0                                      {pd product} {ergonomic}
     bool ProfileInterpreter                       = false                                  {pd product} {command line}
    uintx ProfiledCodeHeapSize                     = 0                                      {pd product} {ergonomic}
     bool ShowCodeDetailsInExceptionMessages       = true                                   {manageable} {command line}
   size_t SoftMaxHeapSize                          = 2055208960                             {manageable} {ergonomic}
     intx TieredStopAtLevel                        = 1                                         {product} {command line}
     bool UseCompressedOops                        = true                           {product lp64_product} {ergonomic}
     bool UseG1GC                                  = true                                      {product} {ergonomic}
     bool UseLargePagesIndividualAllocation        = false                                  {pd product} {ergonomic}

Logging:
Log output configuration:
 #0: stdout all=warning uptime,level,tags foldmultilines=false
 #1: stderr all=off uptime,level,tags foldmultilines=false

Environment Variables:
JAVA_HOME=C:\Program Files\Java\jdk-23
CLASSPATH=C:\Program Files\Java\jdk-11\lib;
PATH=E:/sts-4.28.1.RELEASE//plugins/org.eclipse.justj.openjdk.hotspot.jre.full.win32.x86_64_21.0.6.v20250130-0529/jre/bin/server;E:/sts-4.28.1.RELEASE//plugins/org.eclipse.justj.openjdk.hotspot.jre.full.win32.x86_64_21.0.6.v20250130-0529/jre/bin;C:\Program Files\Common Files\Oracle\Java\javapath;C:\oraclexe\app\oracle\product\10.2.0\server\bin;C:\Program Files\Java\jdk-11\bin;C:\Program Files\HP\HP One Agent;C:\Program Files\MongoDB\mongosh-2.3.7-win32-x64\bin;C:\Program Files\Git\cmd;C:\Program Files\nodejs\;C:\ProgramData\chocolatey\bin;C:\Windows\System32\WindowsPowerShell\v1.0\;C:\Program Files\nodejs;C:\Users\ramya\AppData\Roaming\npm;C:\Users\ramya\AppData\Local\Programs\Microsoft VS Code\bin;E:\sts-4.28.1.RELEASE;
USERNAME=ramya
OS=Windows_NT
PROCESSOR_IDENTIFIER=Intel64 Family 6 Model 140 Stepping 2, GenuineIntel
TMP=C:\Users\ramya\AppData\Local\Temp
TEMP=C:\Users\ramya\AppData\Local\Temp




Periodic native trim disabled

---------------  S Y S T E M  ---------------

OS:
 Windows 11 , 64 bit Build 22621 (10.0.22621.5415)
OS uptime: 5 days 11:07 hours
Hyper-V role detected

CPU: total 4 (initial active 4) (2 cores per cpu, 2 threads per core) family 6 model 140 stepping 2 microcode 0x34, cx8, cmov, fxsr, ht, mmx, 3dnowpref, sse, sse2, sse3, ssse3, sse4.1, sse4.2, popcnt, lzcnt, tsc, tscinvbit, avx, avx2, aes, erms, clmul, bmi1, bmi2, adx, avx512f, avx512dq, avx512cd, avx512bw, avx512vl, sha, fma, vzeroupper, avx512_vpopcntdq, avx512_vpclmulqdq, avx512_vaes, avx512_vnni, clflush, clflushopt, clwb, avx512_vbmi2, avx512_vbmi, hv, rdtscp, rdpid, fsrm, gfni, avx512_bitalg, f16c, cet_ibt, cet_ss, avx512_ifma
Processor Information for the first 4 processors :
  Max Mhz: 2901, Current Mhz: 2901, Mhz Limit: 2901

Memory: 4k page, system-wide physical 7835M (482M free)
TotalPageFile size 22335M (AvailPageFile size 29M)
current process WorkingSet (physical memory assigned to process): 259M, peak: 259M
current process commit charge ("private bytes"): 287M, peak: 325M

vm_info: OpenJDK 64-Bit Server VM (21.0.6+7-LTS) for windows-amd64 JRE (21.0.6+7-LTS), built on 2025-01-21T00:00:00Z by "admin" with MS VC++ 17.7 (VS2022)

END.
